<?xml version="1.0" encoding="UTF-8"?>
<coverage generated="1663229209069" clover="3.2.0">
  <project timestamp="1663229209071" name="All files">
    <metrics statements="229" coveredstatements="212" conditionals="94" coveredconditionals="79" methods="69" coveredmethods="57" elements="392" coveredelements="348" complexity="0" loc="229" ncloc="229" packages="3" files="16" classes="16"/>
    <package name="constants">
      <metrics statements="8" coveredstatements="8" conditionals="5" coveredconditionals="5" methods="1" coveredmethods="1"/>
      <file name="routes.js" path="C:\Users\smoua\OneDrive\Bureau\projet 9\MouatakideSouad_9_072022_Billed-app-FR\Billed-app-FR-Front\src\constants\routes.js">
        <metrics statements="8" coveredstatements="8" conditionals="5" coveredconditionals="5" methods="1" coveredmethods="1"/>
        <line num="6" count="6" type="stmt"/>
        <line num="13" count="6" type="stmt"/>
        <line num="14" count="49" type="cond" truecount="5" falsecount="0"/>
        <line num="16" count="9" type="stmt"/>
        <line num="18" count="21" type="stmt"/>
        <line num="20" count="5" type="stmt"/>
        <line num="22" count="12" type="stmt"/>
        <line num="24" count="2" type="stmt"/>
      </file>
      <file name="usersTest.js" path="C:\Users\smoua\OneDrive\Bureau\projet 9\MouatakideSouad_9_072022_Billed-app-FR\Billed-app-FR-Front\src\constants\usersTest.js">
        <metrics statements="0" coveredstatements="0" conditionals="0" coveredconditionals="0" methods="0" coveredmethods="0"/>
      </file>
    </package>
    <package name="containers">
      <metrics statements="190" coveredstatements="173" conditionals="57" coveredconditionals="42" methods="53" coveredmethods="41"/>
      <file name="Bills.js" path="C:\Users\smoua\OneDrive\Bureau\projet 9\MouatakideSouad_9_072022_Billed-app-FR\Billed-app-FR-Front\src\containers\Bills.js">
        <metrics statements="26" coveredstatements="24" conditionals="6" coveredconditionals="4" methods="8" coveredmethods="8"/>
        <line num="7" count="13" type="stmt"/>
        <line num="8" count="13" type="stmt"/>
        <line num="9" count="13" type="stmt"/>
        <line num="10" count="13" type="stmt"/>
        <line num="11" count="13" type="cond" truecount="2" falsecount="0"/>
        <line num="12" count="13" type="stmt"/>
        <line num="13" count="13" type="cond" truecount="1" falsecount="1"/>
        <line num="14" count="20" type="stmt"/>
        <line num="17" count="13" type="stmt"/>
        <line num="20" count="13" type="stmt"/>
        <line num="21" count="3" type="stmt"/>
        <line num="24" count="13" type="stmt"/>
        <line num="25" count="1" type="stmt"/>
        <line num="26" count="1" type="stmt"/>
        <line num="27" count="1" type="stmt"/>
        <line num="28" count="1" type="stmt"/>
        <line num="31" count="13" type="stmt"/>
        <line num="32" count="7" type="cond" truecount="1" falsecount="1"/>
        <line num="33" count="7" type="stmt"/>
        <line num="37" count="5" type="stmt"/>
        <line num="39" count="20" type="stmt"/>
        <line num="40" count="20" type="stmt"/>
        <line num="48" count="0" type="stmt"/>
        <line num="49" count="0" type="stmt"/>
        <line num="56" count="5" type="stmt"/>
        <line num="57" count="5" type="stmt"/>
      </file>
      <file name="Dashboard.js" path="C:\Users\smoua\OneDrive\Bureau\projet 9\MouatakideSouad_9_072022_Billed-app-FR\Billed-app-FR-Front\src\containers\Dashboard.js">
        <metrics statements="72" coveredstatements="69" conditionals="41" coveredconditionals="33" methods="24" coveredmethods="19"/>
        <line num="8" count="6" type="stmt"/>
        <line num="9" count="56" type="cond" truecount="4" falsecount="0"/>
        <line num="15" count="128" type="cond" truecount="1" falsecount="1"/>
        <line num="16" count="128" type="stmt"/>
        <line num="28" count="128" type="stmt"/>
        <line num="33" count="6" type="stmt"/>
        <line num="34" count="6" type="stmt"/>
        <line num="35" count="6" type="cond" truecount="1" falsecount="1"/>
        <line num="37" count="6" type="cond" truecount="1" falsecount="1"/>
        <line num="40" count="6" type="stmt"/>
        <line num="58" count="6" type="stmt"/>
        <line num="59" count="6" type="cond" truecount="4" falsecount="0"/>
        <line num="62" count="6" type="stmt"/>
        <line num="63" count="5" type="cond" truecount="3" falsecount="0"/>
        <line num="65" count="3" type="stmt"/>
        <line num="67" count="1" type="stmt"/>
        <line num="69" count="1" type="stmt"/>
        <line num="75" count="14" type="stmt"/>
        <line num="76" count="14" type="stmt"/>
        <line num="77" count="14" type="stmt"/>
        <line num="78" count="14" type="stmt"/>
        <line num="79" count="14" type="stmt"/>
        <line num="80" count="14" type="stmt"/>
        <line num="81" count="14" type="stmt"/>
        <line num="84" count="14" type="stmt"/>
        <line num="85" count="1" type="stmt"/>
        <line num="86" count="1" type="stmt"/>
        <line num="87" count="1" type="stmt"/>
        <line num="88" count="1" type="cond" truecount="1" falsecount="1"/>
        <line num="92" count="3" type="cond" truecount="4" falsecount="0"/>
        <line num="93" count="3" type="cond" truecount="4" falsecount="0"/>
        <line num="94" count="3" type="cond" truecount="2" falsecount="0"/>
        <line num="95" count="2" type="stmt"/>
        <line num="96" count="8" type="stmt"/>
        <line num="98" count="2" type="stmt"/>
        <line num="99" count="2" type="stmt"/>
        <line num="100" count="2" type="stmt"/>
        <line num="101" count="2" type="stmt"/>
        <line num="103" count="1" type="stmt"/>
        <line num="105" count="1" type="stmt"/>
        <line num="108" count="1" type="stmt"/>
        <line num="109" count="1" type="stmt"/>
        <line num="111" count="3" type="stmt"/>
        <line num="112" count="3" type="stmt"/>
        <line num="113" count="3" type="stmt"/>
        <line num="116" count="14" type="stmt"/>
        <line num="117" count="1" type="stmt"/>
        <line num="122" count="1" type="stmt"/>
        <line num="123" count="1" type="stmt"/>
        <line num="126" count="14" type="stmt"/>
        <line num="127" count="1" type="stmt"/>
        <line num="132" count="1" type="stmt"/>
        <line num="133" count="1" type="stmt"/>
        <line num="137" count="5" type="cond" truecount="3" falsecount="1"/>
        <line num="138" count="5" type="cond" truecount="3" falsecount="1"/>
        <line num="139" count="5" type="cond" truecount="1" falsecount="1"/>
        <line num="140" count="5" type="stmt"/>
        <line num="141" count="5" type="stmt"/>
        <line num="143" count="5" type="stmt"/>
        <line num="145" count="0" type="stmt"/>
        <line num="146" count="0" type="stmt"/>
        <line num="148" count="0" type="stmt"/>
        <line num="152" count="5" type="stmt"/>
        <line num="153" count="20" type="stmt"/>
        <line num="156" count="5" type="stmt"/>
        <line num="160" count="14" type="stmt"/>
        <line num="161" count="5" type="cond" truecount="1" falsecount="1"/>
        <line num="162" count="5" type="stmt"/>
        <line num="166" count="3" type="stmt"/>
        <line num="167" count="12" type="stmt"/>
        <line num="173" count="3" type="stmt"/>
        <line num="176" count="2" type="stmt"/>
      </file>
      <file name="Login.js" path="C:\Users\smoua\OneDrive\Bureau\projet 9\MouatakideSouad_9_072022_Billed-app-FR\Billed-app-FR-Front\src\containers\Login.js">
        <metrics statements="42" coveredstatements="31" conditionals="4" coveredconditionals="0" methods="11" coveredmethods="5"/>
        <line num="3" count="4" type="stmt"/>
        <line num="8" count="4" type="stmt"/>
        <line num="9" count="4" type="stmt"/>
        <line num="10" count="4" type="stmt"/>
        <line num="11" count="4" type="stmt"/>
        <line num="12" count="4" type="stmt"/>
        <line num="13" count="4" type="stmt"/>
        <line num="14" count="4" type="stmt"/>
        <line num="15" count="4" type="stmt"/>
        <line num="16" count="4" type="stmt"/>
        <line num="18" count="4" type="stmt"/>
        <line num="19" count="2" type="stmt"/>
        <line num="20" count="2" type="stmt"/>
        <line num="26" count="2" type="stmt"/>
        <line num="27" count="2" type="stmt"/>
        <line num="29" count="0" type="stmt"/>
        <line num="32" count="2" type="stmt"/>
        <line num="33" count="2" type="stmt"/>
        <line num="34" count="2" type="stmt"/>
        <line num="35" count="2" type="stmt"/>
        <line num="40" count="4" type="stmt"/>
        <line num="41" count="2" type="stmt"/>
        <line num="42" count="2" type="stmt"/>
        <line num="43" count="2" type="stmt"/>
        <line num="50" count="2" type="stmt"/>
        <line num="51" count="2" type="stmt"/>
        <line num="53" count="0" type="stmt"/>
        <line num="56" count="2" type="stmt"/>
        <line num="57" count="2" type="stmt"/>
        <line num="58" count="2" type="stmt"/>
        <line num="59" count="2" type="stmt"/>
        <line num="64" count="4" type="stmt"/>
        <line num="65" count="0" type="cond" truecount="0" falsecount="2"/>
        <line num="66" count="0" type="stmt"/>
        <line num="71" count="0" type="stmt"/>
        <line num="74" count="0" type="stmt"/>
        <line num="79" count="4" type="stmt"/>
        <line num="80" count="0" type="cond" truecount="0" falsecount="2"/>
        <line num="81" count="0" type="stmt"/>
        <line num="90" count="0" type="stmt"/>
        <line num="91" count="0" type="stmt"/>
        <line num="94" count="0" type="stmt"/>
      </file>
      <file name="Logout.js" path="C:\Users\smoua\OneDrive\Bureau\projet 9\MouatakideSouad_9_072022_Billed-app-FR\Billed-app-FR-Front\src\containers\Logout.js">
        <metrics statements="7" coveredstatements="7" conditionals="0" coveredconditionals="0" methods="2" coveredmethods="2"/>
        <line num="5" count="33" type="stmt"/>
        <line num="6" count="33" type="stmt"/>
        <line num="7" count="33" type="stmt"/>
        <line num="8" count="33" type="stmt"/>
        <line num="11" count="33" type="stmt"/>
        <line num="12" count="2" type="stmt"/>
        <line num="13" count="2" type="stmt"/>
      </file>
      <file name="NewBill.js" path="C:\Users\smoua\OneDrive\Bureau\projet 9\MouatakideSouad_9_072022_Billed-app-FR\Billed-app-FR-Front\src\containers\NewBill.js">
        <metrics statements="43" coveredstatements="42" conditionals="6" coveredconditionals="5" methods="8" coveredmethods="7"/>
        <line num="6" count="5" type="stmt"/>
        <line num="7" count="5" type="stmt"/>
        <line num="8" count="5" type="stmt"/>
        <line num="9" count="5" type="stmt"/>
        <line num="10" count="5" type="stmt"/>
        <line num="11" count="5" type="stmt"/>
        <line num="12" count="5" type="stmt"/>
        <line num="13" count="5" type="stmt"/>
        <line num="14" count="5" type="stmt"/>
        <line num="15" count="5" type="stmt"/>
        <line num="16" count="5" type="stmt"/>
        <line num="18" count="5" type="stmt"/>
        <line num="19" count="4" type="stmt"/>
        <line num="20" count="4" type="stmt"/>
        <line num="23" count="4" type="stmt"/>
        <line num="24" count="4" type="stmt"/>
        <line num="26" count="4" type="cond" truecount="2" falsecount="0"/>
        <line num="28" count="2" type="stmt"/>
        <line num="29" count="2" type="stmt"/>
        <line num="30" count="2" type="stmt"/>
        <line num="31" count="2" type="stmt"/>
        <line num="32" count="2" type="stmt"/>
        <line num="33" count="2" type="stmt"/>
        <line num="34" count="2" type="stmt"/>
        <line num="36" count="2" type="stmt"/>
        <line num="45" count="2" type="stmt"/>
        <line num="46" count="2" type="stmt"/>
        <line num="47" count="2" type="stmt"/>
        <line num="48" count="0" type="stmt"/>
        <line num="51" count="2" type="stmt"/>
        <line num="52" count="2" type="stmt"/>
        <line num="55" count="5" type="stmt"/>
        <line num="56" count="7" type="stmt"/>
        <line num="57" count="7" type="stmt"/>
        <line num="58" count="7" type="stmt"/>
        <line num="59" count="7" type="stmt"/>
        <line num="72" count="7" type="stmt"/>
        <line num="73" count="7" type="stmt"/>
        <line num="77" count="5" type="stmt"/>
        <line num="78" count="5" type="cond" truecount="1" falsecount="1"/>
        <line num="79" count="5" type="stmt"/>
        <line num="83" count="4" type="stmt"/>
        <line num="85" count="1" type="stmt"/>
      </file>
    </package>
    <package name="views">
      <metrics statements="31" coveredstatements="31" conditionals="32" coveredconditionals="32" methods="15" coveredmethods="15"/>
      <file name="Actions.js" path="C:\Users\smoua\OneDrive\Bureau\projet 9\MouatakideSouad_9_072022_Billed-app-FR\Billed-app-FR-Front\src\views\Actions.js">
        <metrics statements="1" coveredstatements="1" conditionals="0" coveredconditionals="0" methods="1" coveredmethods="1"/>
        <line num="5" count="26" type="stmt"/>
      </file>
      <file name="BillsUI.js" path="C:\Users\smoua\OneDrive\Bureau\projet 9\MouatakideSouad_9_072022_Billed-app-FR\Billed-app-FR-Front\src\views\BillsUI.js">
        <metrics statements="12" coveredstatements="12" conditionals="8" coveredconditionals="8" methods="6" coveredmethods="6"/>
        <line num="7" count="6" type="stmt"/>
        <line num="8" count="24" type="stmt"/>
        <line num="22" count="6" type="stmt"/>
        <line num="23" count="19" type="cond" truecount="4" falsecount="0"/>
        <line num="25" count="33" type="stmt"/>
        <line num="26" count="24" type="stmt"/>
        <line num="33" count="27" type="stmt"/>
        <line num="50" count="27" type="cond" truecount="2" falsecount="0"/>
        <line num="51" count="6" type="stmt"/>
        <line num="52" count="21" type="cond" truecount="2" falsecount="0"/>
        <line num="53" count="2" type="stmt"/>
        <line num="56" count="19" type="stmt"/>
      </file>
      <file name="DashboardFormUI.js" path="C:\Users\smoua\OneDrive\Bureau\projet 9\MouatakideSouad_9_072022_Billed-app-FR\Billed-app-FR-Front\src\views\DashboardFormUI.js">
        <metrics statements="2" coveredstatements="2" conditionals="4" coveredconditionals="4" methods="2" coveredmethods="2"/>
        <line num="7" count="9" type="stmt"/>
        <line num="26" count="9" type="stmt"/>
      </file>
      <file name="DashboardUI.js" path="C:\Users\smoua\OneDrive\Bureau\projet 9\MouatakideSouad_9_072022_Billed-app-FR\Billed-app-FR-Front\src\views\DashboardUI.js">
        <metrics statements="6" coveredstatements="6" conditionals="12" coveredconditionals="12" methods="1" coveredmethods="1"/>
        <line num="10" count="21" type="cond" truecount="2" falsecount="0"/>
        <line num="11" count="6" type="stmt"/>
        <line num="12" count="15" type="cond" truecount="2" falsecount="0"/>
        <line num="13" count="3" type="stmt"/>
        <line num="15" count="12" type="cond" truecount="2" falsecount="0"/>
        <line num="17" count="12" type="stmt"/>
      </file>
      <file name="ErrorPage.js" path="C:\Users\smoua\OneDrive\Bureau\projet 9\MouatakideSouad_9_072022_Billed-app-FR\Billed-app-FR-Front\src\views\ErrorPage.js">
        <metrics statements="1" coveredstatements="1" conditionals="2" coveredconditionals="2" methods="1" coveredmethods="1"/>
        <line num="4" count="7" type="stmt"/>
      </file>
      <file name="LoadingPage.js" path="C:\Users\smoua\OneDrive\Bureau\projet 9\MouatakideSouad_9_072022_Billed-app-FR\Billed-app-FR-Front\src\views\LoadingPage.js">
        <metrics statements="1" coveredstatements="1" conditionals="0" coveredconditionals="0" methods="1" coveredmethods="1"/>
        <line num="5" count="13" type="stmt"/>
      </file>
      <file name="LoginUI.js" path="C:\Users\smoua\OneDrive\Bureau\projet 9\MouatakideSouad_9_072022_Billed-app-FR\Billed-app-FR-Front\src\views\LoginUI.js">
        <metrics statements="1" coveredstatements="1" conditionals="0" coveredconditionals="0" methods="1" coveredmethods="1"/>
        <line num="4" count="17" type="stmt"/>
      </file>
      <file name="NewBillUI.js" path="C:\Users\smoua\OneDrive\Bureau\projet 9\MouatakideSouad_9_072022_Billed-app-FR\Billed-app-FR-Front\src\views\NewBillUI.js">
        <metrics statements="1" coveredstatements="1" conditionals="0" coveredconditionals="0" methods="1" coveredmethods="1"/>
        <line num="5" count="9" type="stmt"/>
      </file>
      <file name="VerticalLayout.js" path="C:\Users\smoua\OneDrive\Bureau\projet 9\MouatakideSouad_9_072022_Billed-app-FR\Billed-app-FR-Front\src\views\VerticalLayout.js">
        <metrics statements="6" coveredstatements="6" conditionals="6" coveredconditionals="6" methods="1" coveredmethods="1"/>
        <line num="7" count="61" type="stmt"/>
        <line num="8" count="61" type="cond" truecount="2" falsecount="0"/>
        <line num="9" count="49" type="stmt"/>
        <line num="11" count="61" type="cond" truecount="4" falsecount="0"/>
        <line num="12" count="33" type="stmt"/>
        <line num="29" count="28" type="stmt"/>
      </file>
    </package>
  </project>
</coverage>
