{"C:\\Users\\smoua\\OneDrive\\Bureau\\projet 9\\MouatakideSouad_9_072022_Billed-app-FR\\Billed-app-FR-Front\\src\\constants\\routes.js": {"path":"C:\\Users\\smoua\\OneDrive\\Bureau\\projet 9\\MouatakideSouad_9_072022_Billed-app-FR\\Billed-app-FR-Front\\src\\constants\\routes.js","statementMap":{"0":{"start":{"line":6,"column":27},"end":{"line":11,"column":1}},"1":{"start":{"line":13,"column":22},"end":{"line":26,"column":1}},"2":{"start":{"line":14,"column":2},"end":{"line":25,"column":3}},"3":{"start":{"line":16,"column":6},"end":{"line":16,"column":46}},"4":{"start":{"line":18,"column":6},"end":{"line":18,"column":46}},"5":{"start":{"line":20,"column":6},"end":{"line":20,"column":24}},"6":{"start":{"line":22,"column":6},"end":{"line":22,"column":50}},"7":{"start":{"line":24,"column":6},"end":{"line":24,"column":46}}},"fnMap":{"0":{"name":"(anonymous_0)","decl":{"start":{"line":13,"column":22},"end":{"line":13,"column":23}},"loc":{"start":{"line":13,"column":62},"end":{"line":26,"column":1}},"line":13}},"branchMap":{"0":{"loc":{"start":{"line":14,"column":2},"end":{"line":25,"column":3}},"type":"switch","locations":[{"start":{"line":15,"column":4},"end":{"line":16,"column":46}},{"start":{"line":17,"column":4},"end":{"line":18,"column":46}},{"start":{"line":19,"column":4},"end":{"line":20,"column":24}},{"start":{"line":21,"column":4},"end":{"line":22,"column":50}},{"start":{"line":23,"column":4},"end":{"line":24,"column":46}}],"line":14}},"s":{"0":6,"1":6,"2":29,"3":7,"4":5,"5":4,"6":12,"7":1},"f":{"0":29},"b":{"0":[7,5,4,12,1]},"_coverageSchema":"1a1c01bbd47fc00a2c39e90264f33305004495a9","hash":"2bdbfa3e1d835fa9af071ae320054bd626a5c264"}
,"C:\\Users\\smoua\\OneDrive\\Bureau\\projet 9\\MouatakideSouad_9_072022_Billed-app-FR\\Billed-app-FR-Front\\src\\constants\\usersTest.js": {"path":"C:\\Users\\smoua\\OneDrive\\Bureau\\projet 9\\MouatakideSouad_9_072022_Billed-app-FR\\Billed-app-FR-Front\\src\\constants\\usersTest.js","statementMap":{},"fnMap":{},"branchMap":{},"s":{},"f":{},"b":{},"_coverageSchema":"1a1c01bbd47fc00a2c39e90264f33305004495a9","hash":"23add8beec21e51361eac676e1e84d16da92922c"}
,"C:\\Users\\smoua\\OneDrive\\Bureau\\projet 9\\MouatakideSouad_9_072022_Billed-app-FR\\Billed-app-FR-Front\\src\\containers\\Bills.js": {"path":"C:\\Users\\smoua\\OneDrive\\Bureau\\projet 9\\MouatakideSouad_9_072022_Billed-app-FR\\Billed-app-FR-Front\\src\\containers\\Bills.js","statementMap":{"0":{"start":{"line":7,"column":4},"end":{"line":7,"column":28}},"1":{"start":{"line":8,"column":4},"end":{"line":8,"column":32}},"2":{"start":{"line":9,"column":4},"end":{"line":9,"column":22}},"3":{"start":{"line":10,"column":26},"end":{"line":10,"column":86}},"4":{"start":{"line":11,"column":4},"end":{"line":11,"column":87}},"5":{"start":{"line":11,"column":23},"end":{"line":11,"column":87}},"6":{"start":{"line":12,"column":20},"end":{"line":12,"column":76}},"7":{"start":{"line":13,"column":4},"end":{"line":16,"column":6}},"8":{"start":{"line":13,"column":17},"end":{"line":16,"column":6}},"9":{"start":{"line":14,"column":6},"end":{"line":14,"column":73}},"10":{"start":{"line":14,"column":43},"end":{"line":14,"column":72}},"11":{"start":{"line":17,"column":4},"end":{"line":17,"column":54}},"12":{"start":{"line":20,"column":23},"end":{"line":22,"column":3}},"13":{"start":{"line":21,"column":4},"end":{"line":21,"column":43}},"14":{"start":{"line":24,"column":23},"end":{"line":29,"column":3}},"15":{"start":{"line":25,"column":20},"end":{"line":25,"column":54}},"16":{"start":{"line":26,"column":21},"end":{"line":26,"column":63}},"17":{"start":{"line":27,"column":4},"end":{"line":27,"column":168}},"18":{"start":{"line":28,"column":4},"end":{"line":28,"column":34}},"19":{"start":{"line":31,"column":13},"end":{"line":60,"column":3}},"20":{"start":{"line":32,"column":4},"end":{"line":59,"column":5}},"21":{"start":{"line":33,"column":6},"end":{"line":58,"column":8}},"22":{"start":{"line":37,"column":22},"end":{"line":55,"column":12}},"23":{"start":{"line":39,"column":12},"end":{"line":54,"column":13}},"24":{"start":{"line":40,"column":14},"end":{"line":44,"column":15}},"25":{"start":{"line":48,"column":14},"end":{"line":48,"column":38}},"26":{"start":{"line":49,"column":14},"end":{"line":53,"column":15}},"27":{"start":{"line":56,"column":10},"end":{"line":56,"column":45}},"28":{"start":{"line":57,"column":8},"end":{"line":57,"column":20}}},"fnMap":{"0":{"name":"(anonymous_0)","decl":{"start":{"line":6,"column":2},"end":{"line":6,"column":3}},"loc":{"start":{"line":6,"column":61},"end":{"line":18,"column":3}},"line":6},"1":{"name":"(anonymous_1)","decl":{"start":{"line":13,"column":33},"end":{"line":13,"column":34}},"loc":{"start":{"line":13,"column":41},"end":{"line":16,"column":5}},"line":13},"2":{"name":"(anonymous_2)","decl":{"start":{"line":14,"column":37},"end":{"line":14,"column":38}},"loc":{"start":{"line":14,"column":43},"end":{"line":14,"column":72}},"line":14},"3":{"name":"(anonymous_3)","decl":{"start":{"line":20,"column":23},"end":{"line":20,"column":24}},"loc":{"start":{"line":20,"column":29},"end":{"line":22,"column":3}},"line":20},"4":{"name":"(anonymous_4)","decl":{"start":{"line":24,"column":23},"end":{"line":24,"column":24}},"loc":{"start":{"line":24,"column":33},"end":{"line":29,"column":3}},"line":24},"5":{"name":"(anonymous_5)","decl":{"start":{"line":31,"column":13},"end":{"line":31,"column":14}},"loc":{"start":{"line":31,"column":19},"end":{"line":60,"column":3}},"line":31},"6":{"name":"(anonymous_6)","decl":{"start":{"line":36,"column":12},"end":{"line":36,"column":13}},"loc":{"start":{"line":36,"column":24},"end":{"line":58,"column":7}},"line":36},"7":{"name":"(anonymous_7)","decl":{"start":{"line":38,"column":15},"end":{"line":38,"column":16}},"loc":{"start":{"line":38,"column":22},"end":{"line":55,"column":11}},"line":38}},"branchMap":{"0":{"loc":{"start":{"line":11,"column":4},"end":{"line":11,"column":87}},"type":"if","locations":[{"start":{"line":11,"column":4},"end":{"line":11,"column":87}},{"start":{"line":11,"column":4},"end":{"line":11,"column":87}}],"line":11},"1":{"loc":{"start":{"line":13,"column":4},"end":{"line":16,"column":6}},"type":"if","locations":[{"start":{"line":13,"column":4},"end":{"line":16,"column":6}},{"start":{"line":13,"column":4},"end":{"line":16,"column":6}}],"line":13},"2":{"loc":{"start":{"line":32,"column":4},"end":{"line":59,"column":5}},"type":"if","locations":[{"start":{"line":32,"column":4},"end":{"line":59,"column":5}},{"start":{"line":32,"column":4},"end":{"line":59,"column":5}}],"line":32}},"s":{"0":4,"1":4,"2":4,"3":4,"4":4,"5":2,"6":4,"7":4,"8":4,"9":8,"10":1,"11":4,"12":4,"13":3,"14":4,"15":1,"16":1,"17":1,"18":1,"19":4,"20":2,"21":2,"22":1,"23":4,"24":4,"25":0,"26":0,"27":1,"28":1},"f":{"0":4,"1":8,"2":1,"3":3,"4":1,"5":2,"6":1,"7":4},"b":{"0":[2,2],"1":[4,0],"2":[2,0]},"_coverageSchema":"1a1c01bbd47fc00a2c39e90264f33305004495a9","hash":"a4124f73da2f113efb0974bbbf9301812715248c"}
,"C:\\Users\\smoua\\OneDrive\\Bureau\\projet 9\\MouatakideSouad_9_072022_Billed-app-FR\\Billed-app-FR-Front\\src\\containers\\Dashboard.js": {"path":"C:\\Users\\smoua\\OneDrive\\Bureau\\projet 9\\MouatakideSouad_9_072022_Billed-app-FR\\Billed-app-FR-Front\\src\\containers\\Dashboard.js","statementMap":{"0":{"start":{"line":8,"column":29},"end":{"line":31,"column":1}},"1":{"start":{"line":9,"column":2},"end":{"line":30,"column":11}},"2":{"start":{"line":15,"column":6},"end":{"line":26,"column":7}},"3":{"start":{"line":16,"column":8},"end":{"line":16,"column":50}},"4":{"start":{"line":28,"column":6},"end":{"line":28,"column":28}},"5":{"start":{"line":33,"column":20},"end":{"line":56,"column":1}},"6":{"start":{"line":34,"column":28},"end":{"line":34,"column":52}},"7":{"start":{"line":35,"column":20},"end":{"line":36,"column":40}},"8":{"start":{"line":37,"column":19},"end":{"line":38,"column":53}},"9":{"start":{"line":40,"column":2},"end":{"line":55,"column":4}},"10":{"start":{"line":58,"column":21},"end":{"line":60,"column":1}},"11":{"start":{"line":59,"column":2},"end":{"line":59,"column":76}},"12":{"start":{"line":59,"column":51},"end":{"line":59,"column":61}},"13":{"start":{"line":62,"column":25},"end":{"line":71,"column":1}},"14":{"start":{"line":63,"column":2},"end":{"line":70,"column":3}},"15":{"start":{"line":65,"column":6},"end":{"line":65,"column":22}},"16":{"start":{"line":67,"column":6},"end":{"line":67,"column":23}},"17":{"start":{"line":69,"column":6},"end":{"line":69,"column":22}},"18":{"start":{"line":75,"column":4},"end":{"line":75,"column":28}},"19":{"start":{"line":76,"column":4},"end":{"line":76,"column":32}},"20":{"start":{"line":77,"column":4},"end":{"line":77,"column":22}},"21":{"start":{"line":78,"column":4},"end":{"line":78,"column":71}},"22":{"start":{"line":78,"column":35},"end":{"line":78,"column":70}},"23":{"start":{"line":79,"column":4},"end":{"line":79,"column":71}},"24":{"start":{"line":79,"column":35},"end":{"line":79,"column":70}},"25":{"start":{"line":80,"column":4},"end":{"line":80,"column":71}},"26":{"start":{"line":80,"column":35},"end":{"line":80,"column":70}},"27":{"start":{"line":81,"column":4},"end":{"line":81,"column":44}},"28":{"start":{"line":84,"column":23},"end":{"line":89,"column":3}},"29":{"start":{"line":85,"column":20},"end":{"line":85,"column":58}},"30":{"start":{"line":86,"column":21},"end":{"line":86,"column":69}},"31":{"start":{"line":87,"column":4},"end":{"line":87,"column":144}},"32":{"start":{"line":88,"column":4},"end":{"line":88,"column":96}},"33":{"start":{"line":88,"column":60},"end":{"line":88,"column":96}},"34":{"start":{"line":92,"column":4},"end":{"line":92,"column":75}},"35":{"start":{"line":92,"column":59},"end":{"line":92,"column":75}},"36":{"start":{"line":93,"column":4},"end":{"line":93,"column":71}},"37":{"start":{"line":93,"column":54},"end":{"line":93,"column":71}},"38":{"start":{"line":94,"column":4},"end":{"line":110,"column":5}},"39":{"start":{"line":95,"column":6},"end":{"line":97,"column":8}},"40":{"start":{"line":96,"column":8},"end":{"line":96,"column":61}},"41":{"start":{"line":98,"column":6},"end":{"line":98,"column":62}},"42":{"start":{"line":99,"column":6},"end":{"line":99,"column":69}},"43":{"start":{"line":100,"column":6},"end":{"line":100,"column":52}},"44":{"start":{"line":101,"column":6},"end":{"line":101,"column":21}},"45":{"start":{"line":103,"column":6},"end":{"line":103,"column":62}},"46":{"start":{"line":105,"column":6},"end":{"line":107,"column":8}},"47":{"start":{"line":108,"column":6},"end":{"line":108,"column":52}},"48":{"start":{"line":109,"column":6},"end":{"line":109,"column":21}},"49":{"start":{"line":111,"column":4},"end":{"line":111,"column":51}},"50":{"start":{"line":112,"column":4},"end":{"line":112,"column":72}},"51":{"start":{"line":112,"column":39},"end":{"line":112,"column":71}},"52":{"start":{"line":113,"column":4},"end":{"line":113,"column":72}},"53":{"start":{"line":113,"column":39},"end":{"line":113,"column":71}},"54":{"start":{"line":116,"column":23},"end":{"line":124,"column":3}},"55":{"start":{"line":117,"column":20},"end":{"line":121,"column":5}},"56":{"start":{"line":122,"column":4},"end":{"line":122,"column":28}},"57":{"start":{"line":123,"column":4},"end":{"line":123,"column":45}},"58":{"start":{"line":126,"column":23},"end":{"line":134,"column":3}},"59":{"start":{"line":127,"column":20},"end":{"line":131,"column":5}},"60":{"start":{"line":132,"column":4},"end":{"line":132,"column":28}},"61":{"start":{"line":133,"column":4},"end":{"line":133,"column":45}},"62":{"start":{"line":137,"column":4},"end":{"line":137,"column":76}},"63":{"start":{"line":137,"column":60},"end":{"line":137,"column":76}},"64":{"start":{"line":138,"column":4},"end":{"line":138,"column":76}},"65":{"start":{"line":138,"column":58},"end":{"line":138,"column":76}},"66":{"start":{"line":139,"column":4},"end":{"line":149,"column":5}},"67":{"start":{"line":140,"column":6},"end":{"line":140,"column":69}},"68":{"start":{"line":141,"column":6},"end":{"line":142,"column":65}},"69":{"start":{"line":143,"column":6},"end":{"line":143,"column":21}},"70":{"start":{"line":145,"column":6},"end":{"line":145,"column":70}},"71":{"start":{"line":146,"column":6},"end":{"line":147,"column":17}},"72":{"start":{"line":148,"column":6},"end":{"line":148,"column":21}},"73":{"start":{"line":152,"column":4},"end":{"line":154,"column":6}},"74":{"start":{"line":153,"column":6},"end":{"line":153,"column":103}},"75":{"start":{"line":153,"column":64},"end":{"line":153,"column":101}},"76":{"start":{"line":156,"column":4},"end":{"line":156,"column":16}},"77":{"start":{"line":160,"column":21},"end":{"line":179,"column":3}},"78":{"start":{"line":161,"column":4},"end":{"line":178,"column":5}},"79":{"start":{"line":162,"column":6},"end":{"line":177,"column":8}},"80":{"start":{"line":166,"column":22},"end":{"line":172,"column":11}},"81":{"start":{"line":167,"column":21},"end":{"line":172,"column":9}},"82":{"start":{"line":173,"column":8},"end":{"line":173,"column":20}},"83":{"start":{"line":176,"column":8},"end":{"line":176,"column":20}}},"fnMap":{"0":{"name":"(anonymous_0)","decl":{"start":{"line":8,"column":29},"end":{"line":8,"column":30}},"loc":{"start":{"line":8,"column":47},"end":{"line":31,"column":1}},"line":8},"1":{"name":"(anonymous_1)","decl":{"start":{"line":10,"column":16},"end":{"line":10,"column":17}},"loc":{"start":{"line":10,"column":24},"end":{"line":30,"column":5}},"line":10},"2":{"name":"(anonymous_2)","decl":{"start":{"line":33,"column":20},"end":{"line":33,"column":21}},"loc":{"start":{"line":33,"column":30},"end":{"line":56,"column":1}},"line":33},"3":{"name":"(anonymous_3)","decl":{"start":{"line":58,"column":21},"end":{"line":58,"column":22}},"loc":{"start":{"line":58,"column":32},"end":{"line":60,"column":1}},"line":58},"4":{"name":"(anonymous_4)","decl":{"start":{"line":59,"column":43},"end":{"line":59,"column":44}},"loc":{"start":{"line":59,"column":51},"end":{"line":59,"column":61}},"line":59},"5":{"name":"(anonymous_5)","decl":{"start":{"line":62,"column":25},"end":{"line":62,"column":26}},"loc":{"start":{"line":62,"column":36},"end":{"line":71,"column":1}},"line":62},"6":{"name":"(anonymous_6)","decl":{"start":{"line":74,"column":2},"end":{"line":74,"column":3}},"loc":{"start":{"line":74,"column":68},"end":{"line":82,"column":3}},"line":74},"7":{"name":"(anonymous_7)","decl":{"start":{"line":78,"column":28},"end":{"line":78,"column":29}},"loc":{"start":{"line":78,"column":35},"end":{"line":78,"column":70}},"line":78},"8":{"name":"(anonymous_8)","decl":{"start":{"line":79,"column":28},"end":{"line":79,"column":29}},"loc":{"start":{"line":79,"column":35},"end":{"line":79,"column":70}},"line":79},"9":{"name":"(anonymous_9)","decl":{"start":{"line":80,"column":28},"end":{"line":80,"column":29}},"loc":{"start":{"line":80,"column":35},"end":{"line":80,"column":70}},"line":80},"10":{"name":"(anonymous_10)","decl":{"start":{"line":84,"column":23},"end":{"line":84,"column":24}},"loc":{"start":{"line":84,"column":29},"end":{"line":89,"column":3}},"line":84},"11":{"name":"(anonymous_11)","decl":{"start":{"line":91,"column":2},"end":{"line":91,"column":3}},"loc":{"start":{"line":91,"column":35},"end":{"line":114,"column":3}},"line":91},"12":{"name":"(anonymous_12)","decl":{"start":{"line":95,"column":20},"end":{"line":95,"column":21}},"loc":{"start":{"line":95,"column":25},"end":{"line":97,"column":7}},"line":95},"13":{"name":"(anonymous_13)","decl":{"start":{"line":112,"column":32},"end":{"line":112,"column":33}},"loc":{"start":{"line":112,"column":39},"end":{"line":112,"column":71}},"line":112},"14":{"name":"(anonymous_14)","decl":{"start":{"line":113,"column":32},"end":{"line":113,"column":33}},"loc":{"start":{"line":113,"column":39},"end":{"line":113,"column":71}},"line":113},"15":{"name":"(anonymous_15)","decl":{"start":{"line":116,"column":23},"end":{"line":116,"column":24}},"loc":{"start":{"line":116,"column":36},"end":{"line":124,"column":3}},"line":116},"16":{"name":"(anonymous_16)","decl":{"start":{"line":126,"column":23},"end":{"line":126,"column":24}},"loc":{"start":{"line":126,"column":36},"end":{"line":134,"column":3}},"line":126},"17":{"name":"(anonymous_17)","decl":{"start":{"line":136,"column":2},"end":{"line":136,"column":3}},"loc":{"start":{"line":136,"column":37},"end":{"line":158,"column":3}},"line":136},"18":{"name":"(anonymous_18)","decl":{"start":{"line":152,"column":18},"end":{"line":152,"column":19}},"loc":{"start":{"line":152,"column":26},"end":{"line":154,"column":5}},"line":152},"19":{"name":"(anonymous_19)","decl":{"start":{"line":153,"column":57},"end":{"line":153,"column":58}},"loc":{"start":{"line":153,"column":64},"end":{"line":153,"column":101}},"line":153},"20":{"name":"(anonymous_20)","decl":{"start":{"line":160,"column":21},"end":{"line":160,"column":22}},"loc":{"start":{"line":160,"column":27},"end":{"line":179,"column":3}},"line":160},"21":{"name":"(anonymous_21)","decl":{"start":{"line":165,"column":12},"end":{"line":165,"column":13}},"loc":{"start":{"line":165,"column":24},"end":{"line":174,"column":7}},"line":165},"22":{"name":"(anonymous_22)","decl":{"start":{"line":167,"column":13},"end":{"line":167,"column":14}},"loc":{"start":{"line":167,"column":21},"end":{"line":172,"column":9}},"line":167},"23":{"name":"(anonymous_23)","decl":{"start":{"line":175,"column":13},"end":{"line":175,"column":14}},"loc":{"start":{"line":175,"column":22},"end":{"line":177,"column":7}},"line":175}},"branchMap":{"0":{"loc":{"start":{"line":9,"column":9},"end":{"line":30,"column":11}},"type":"cond-expr","locations":[{"start":{"line":10,"column":4},"end":{"line":30,"column":6}},{"start":{"line":30,"column":9},"end":{"line":30,"column":11}}],"line":9},"1":{"loc":{"start":{"line":9,"column":10},"end":{"line":9,"column":29}},"type":"binary-expr","locations":[{"start":{"line":9,"column":10},"end":{"line":9,"column":14}},{"start":{"line":9,"column":18},"end":{"line":9,"column":29}}],"line":9},"2":{"loc":{"start":{"line":15,"column":6},"end":{"line":26,"column":7}},"type":"if","locations":[{"start":{"line":15,"column":6},"end":{"line":26,"column":7}},{"start":{"line":15,"column":6},"end":{"line":26,"column":7}}],"line":15},"3":{"loc":{"start":{"line":35,"column":20},"end":{"line":36,"column":40}},"type":"cond-expr","locations":[{"start":{"line":36,"column":4},"end":{"line":36,"column":35}},{"start":{"line":36,"column":38},"end":{"line":36,"column":40}}],"line":35},"4":{"loc":{"start":{"line":37,"column":19},"end":{"line":38,"column":53}},"type":"cond-expr","locations":[{"start":{"line":38,"column":2},"end":{"line":38,"column":33}},{"start":{"line":38,"column":36},"end":{"line":38,"column":53}}],"line":37},"5":{"loc":{"start":{"line":59,"column":9},"end":{"line":59,"column":76}},"type":"cond-expr","locations":[{"start":{"line":59,"column":33},"end":{"line":59,"column":71}},{"start":{"line":59,"column":74},"end":{"line":59,"column":76}}],"line":59},"6":{"loc":{"start":{"line":59,"column":9},"end":{"line":59,"column":30}},"type":"binary-expr","locations":[{"start":{"line":59,"column":9},"end":{"line":59,"column":14}},{"start":{"line":59,"column":18},"end":{"line":59,"column":30}}],"line":59},"7":{"loc":{"start":{"line":63,"column":2},"end":{"line":70,"column":3}},"type":"switch","locations":[{"start":{"line":64,"column":4},"end":{"line":65,"column":22}},{"start":{"line":66,"column":4},"end":{"line":67,"column":23}},{"start":{"line":68,"column":4},"end":{"line":69,"column":22}}],"line":63},"8":{"loc":{"start":{"line":88,"column":4},"end":{"line":88,"column":96}},"type":"if","locations":[{"start":{"line":88,"column":4},"end":{"line":88,"column":96}},{"start":{"line":88,"column":4},"end":{"line":88,"column":96}}],"line":88},"9":{"loc":{"start":{"line":92,"column":4},"end":{"line":92,"column":75}},"type":"if","locations":[{"start":{"line":92,"column":4},"end":{"line":92,"column":75}},{"start":{"line":92,"column":4},"end":{"line":92,"column":75}}],"line":92},"10":{"loc":{"start":{"line":92,"column":8},"end":{"line":92,"column":57}},"type":"binary-expr","locations":[{"start":{"line":92,"column":8},"end":{"line":92,"column":34}},{"start":{"line":92,"column":38},"end":{"line":92,"column":57}}],"line":92},"11":{"loc":{"start":{"line":93,"column":4},"end":{"line":93,"column":71}},"type":"if","locations":[{"start":{"line":93,"column":4},"end":{"line":93,"column":71}},{"start":{"line":93,"column":4},"end":{"line":93,"column":71}}],"line":93},"12":{"loc":{"start":{"line":93,"column":8},"end":{"line":93,"column":52}},"type":"binary-expr","locations":[{"start":{"line":93,"column":8},"end":{"line":93,"column":29}},{"start":{"line":93,"column":33},"end":{"line":93,"column":52}}],"line":93},"13":{"loc":{"start":{"line":94,"column":4},"end":{"line":110,"column":5}},"type":"if","locations":[{"start":{"line":94,"column":4},"end":{"line":110,"column":5}},{"start":{"line":94,"column":4},"end":{"line":110,"column":5}}],"line":94},"14":{"loc":{"start":{"line":137,"column":4},"end":{"line":137,"column":76}},"type":"if","locations":[{"start":{"line":137,"column":4},"end":{"line":137,"column":76}},{"start":{"line":137,"column":4},"end":{"line":137,"column":76}}],"line":137},"15":{"loc":{"start":{"line":137,"column":8},"end":{"line":137,"column":58}},"type":"binary-expr","locations":[{"start":{"line":137,"column":8},"end":{"line":137,"column":34}},{"start":{"line":137,"column":38},"end":{"line":137,"column":58}}],"line":137},"16":{"loc":{"start":{"line":138,"column":4},"end":{"line":138,"column":76}},"type":"if","locations":[{"start":{"line":138,"column":4},"end":{"line":138,"column":76}},{"start":{"line":138,"column":4},"end":{"line":138,"column":76}}],"line":138},"17":{"loc":{"start":{"line":138,"column":8},"end":{"line":138,"column":56}},"type":"binary-expr","locations":[{"start":{"line":138,"column":8},"end":{"line":138,"column":32}},{"start":{"line":138,"column":36},"end":{"line":138,"column":56}}],"line":138},"18":{"loc":{"start":{"line":139,"column":4},"end":{"line":149,"column":5}},"type":"if","locations":[{"start":{"line":139,"column":4},"end":{"line":149,"column":5}},{"start":{"line":139,"column":4},"end":{"line":149,"column":5}}],"line":139},"19":{"loc":{"start":{"line":161,"column":4},"end":{"line":178,"column":5}},"type":"if","locations":[{"start":{"line":161,"column":4},"end":{"line":178,"column":5}},{"start":{"line":161,"column":4},"end":{"line":178,"column":5}}],"line":161}},"s":{"0":6,"1":56,"2":128,"3":128,"4":128,"5":6,"6":6,"7":6,"8":6,"9":6,"10":6,"11":6,"12":6,"13":6,"14":5,"15":3,"16":1,"17":1,"18":14,"19":14,"20":14,"21":14,"22":0,"23":14,"24":0,"25":14,"26":0,"27":14,"28":14,"29":1,"30":1,"31":1,"32":1,"33":0,"34":3,"35":2,"36":3,"37":2,"38":3,"39":2,"40":8,"41":2,"42":2,"43":2,"44":2,"45":1,"46":1,"47":1,"48":1,"49":3,"50":3,"51":0,"52":3,"53":0,"54":14,"55":1,"56":1,"57":1,"58":14,"59":1,"60":1,"61":1,"62":5,"63":5,"64":5,"65":5,"66":5,"67":5,"68":5,"69":5,"70":0,"71":0,"72":0,"73":5,"74":20,"75":3,"76":5,"77":14,"78":5,"79":5,"80":3,"81":12,"82":3,"83":2},"f":{"0":56,"1":128,"2":6,"3":6,"4":6,"5":5,"6":14,"7":0,"8":0,"9":0,"10":1,"11":3,"12":8,"13":0,"14":0,"15":1,"16":1,"17":5,"18":20,"19":3,"20":5,"21":3,"22":12,"23":2},"b":{"0":[32,24],"1":[56,32],"2":[128,0],"3":[0,6],"4":[0,6],"5":[5,1],"6":[6,6],"7":[3,1,1],"8":[0,1],"9":[2,1],"10":[3,3],"11":[2,1],"12":[3,1],"13":[2,1],"14":[5,0],"15":[5,2],"16":[5,0],"17":[5,2],"18":[5,0],"19":[5,0]},"_coverageSchema":"1a1c01bbd47fc00a2c39e90264f33305004495a9","hash":"431143f060a3440646e2a242310055dd2113742e"}
,"C:\\Users\\smoua\\OneDrive\\Bureau\\projet 9\\MouatakideSouad_9_072022_Billed-app-FR\\Billed-app-FR-Front\\src\\containers\\Login.js": {"path":"C:\\Users\\smoua\\OneDrive\\Bureau\\projet 9\\MouatakideSouad_9_072022_Billed-app-FR\\Billed-app-FR-Front\\src\\containers\\Login.js","statementMap":{"0":{"start":{"line":3,"column":31},"end":{"line":3,"column":33}},"1":{"start":{"line":8,"column":4},"end":{"line":8,"column":28}},"2":{"start":{"line":9,"column":4},"end":{"line":9,"column":36}},"3":{"start":{"line":10,"column":4},"end":{"line":10,"column":32}},"4":{"start":{"line":11,"column":4},"end":{"line":11,"column":46}},"5":{"start":{"line":12,"column":4},"end":{"line":12,"column":22}},"6":{"start":{"line":13,"column":25},"end":{"line":13,"column":89}},"7":{"start":{"line":14,"column":4},"end":{"line":14,"column":70}},"8":{"start":{"line":15,"column":22},"end":{"line":15,"column":83}},"9":{"start":{"line":16,"column":4},"end":{"line":16,"column":64}},"10":{"start":{"line":18,"column":25},"end":{"line":38,"column":3}},"11":{"start":{"line":19,"column":4},"end":{"line":19,"column":22}},"12":{"start":{"line":20,"column":17},"end":{"line":25,"column":5}},"13":{"start":{"line":26,"column":4},"end":{"line":26,"column":59}},"14":{"start":{"line":27,"column":4},"end":{"line":36,"column":8}},"15":{"start":{"line":29,"column":17},"end":{"line":29,"column":38}},"16":{"start":{"line":32,"column":8},"end":{"line":32,"column":45}},"17":{"start":{"line":33,"column":8},"end":{"line":33,"column":53}},"18":{"start":{"line":34,"column":8},"end":{"line":34,"column":50}},"19":{"start":{"line":35,"column":8},"end":{"line":35,"column":55}},"20":{"start":{"line":40,"column":22},"end":{"line":60,"column":3}},"21":{"start":{"line":41,"column":4},"end":{"line":41,"column":22}},"22":{"start":{"line":42,"column":17},"end":{"line":48,"column":5}},"23":{"start":{"line":49,"column":4},"end":{"line":49,"column":59}},"24":{"start":{"line":50,"column":4},"end":{"line":59,"column":8}},"25":{"start":{"line":52,"column":17},"end":{"line":52,"column":38}},"26":{"start":{"line":55,"column":8},"end":{"line":55,"column":49}},"27":{"start":{"line":56,"column":8},"end":{"line":56,"column":57}},"28":{"start":{"line":57,"column":8},"end":{"line":57,"column":50}},"29":{"start":{"line":58,"column":8},"end":{"line":58,"column":55}},"30":{"start":{"line":63,"column":10},"end":{"line":75,"column":3}},"31":{"start":{"line":64,"column":4},"end":{"line":74,"column":5}},"32":{"start":{"line":65,"column":6},"end":{"line":71,"column":8}},"33":{"start":{"line":70,"column":8},"end":{"line":70,"column":40}},"34":{"start":{"line":73,"column":6},"end":{"line":73,"column":17}},"35":{"start":{"line":78,"column":15},"end":{"line":95,"column":3}},"36":{"start":{"line":79,"column":4},"end":{"line":94,"column":5}},"37":{"start":{"line":80,"column":6},"end":{"line":91,"column":8}},"38":{"start":{"line":89,"column":8},"end":{"line":89,"column":57}},"39":{"start":{"line":90,"column":8},"end":{"line":90,"column":31}},"40":{"start":{"line":93,"column":6},"end":{"line":93,"column":17}}},"fnMap":{"0":{"name":"(anonymous_0)","decl":{"start":{"line":7,"column":2},"end":{"line":7,"column":3}},"loc":{"start":{"line":7,"column":80},"end":{"line":17,"column":3}},"line":7},"1":{"name":"(anonymous_1)","decl":{"start":{"line":18,"column":25},"end":{"line":18,"column":26}},"loc":{"start":{"line":18,"column":30},"end":{"line":38,"column":3}},"line":18},"2":{"name":"(anonymous_2)","decl":{"start":{"line":29,"column":8},"end":{"line":29,"column":9}},"loc":{"start":{"line":29,"column":17},"end":{"line":29,"column":38}},"line":29},"3":{"name":"(anonymous_3)","decl":{"start":{"line":31,"column":12},"end":{"line":31,"column":13}},"loc":{"start":{"line":31,"column":18},"end":{"line":36,"column":7}},"line":31},"4":{"name":"(anonymous_4)","decl":{"start":{"line":40,"column":22},"end":{"line":40,"column":23}},"loc":{"start":{"line":40,"column":27},"end":{"line":60,"column":3}},"line":40},"5":{"name":"(anonymous_5)","decl":{"start":{"line":52,"column":8},"end":{"line":52,"column":9}},"loc":{"start":{"line":52,"column":17},"end":{"line":52,"column":38}},"line":52},"6":{"name":"(anonymous_6)","decl":{"start":{"line":54,"column":12},"end":{"line":54,"column":13}},"loc":{"start":{"line":54,"column":18},"end":{"line":59,"column":7}},"line":54},"7":{"name":"(anonymous_7)","decl":{"start":{"line":63,"column":10},"end":{"line":63,"column":11}},"loc":{"start":{"line":63,"column":20},"end":{"line":75,"column":3}},"line":63},"8":{"name":"(anonymous_8)","decl":{"start":{"line":69,"column":15},"end":{"line":69,"column":16}},"loc":{"start":{"line":69,"column":26},"end":{"line":71,"column":7}},"line":69},"9":{"name":"(anonymous_9)","decl":{"start":{"line":78,"column":15},"end":{"line":78,"column":16}},"loc":{"start":{"line":78,"column":25},"end":{"line":95,"column":3}},"line":78},"10":{"name":"(anonymous_10)","decl":{"start":{"line":88,"column":12},"end":{"line":88,"column":13}},"loc":{"start":{"line":88,"column":18},"end":{"line":91,"column":7}},"line":88}},"branchMap":{"0":{"loc":{"start":{"line":64,"column":4},"end":{"line":74,"column":5}},"type":"if","locations":[{"start":{"line":64,"column":4},"end":{"line":74,"column":5}},{"start":{"line":64,"column":4},"end":{"line":74,"column":5}}],"line":64},"1":{"loc":{"start":{"line":79,"column":4},"end":{"line":94,"column":5}},"type":"if","locations":[{"start":{"line":79,"column":4},"end":{"line":94,"column":5}},{"start":{"line":79,"column":4},"end":{"line":94,"column":5}}],"line":79}},"s":{"0":3,"1":4,"2":4,"3":4,"4":4,"5":4,"6":4,"7":4,"8":4,"9":4,"10":4,"11":2,"12":2,"13":2,"14":2,"15":0,"16":2,"17":2,"18":2,"19":2,"20":4,"21":2,"22":2,"23":2,"24":2,"25":0,"26":2,"27":2,"28":2,"29":2,"30":4,"31":0,"32":0,"33":0,"34":0,"35":4,"36":0,"37":0,"38":0,"39":0,"40":0},"f":{"0":4,"1":2,"2":0,"3":2,"4":2,"5":0,"6":2,"7":0,"8":0,"9":0,"10":0},"b":{"0":[0,0],"1":[0,0]},"_coverageSchema":"1a1c01bbd47fc00a2c39e90264f33305004495a9","hash":"624be3b9f59f2091fd1883e1a8e463c5a3c23d70"}
,"C:\\Users\\smoua\\OneDrive\\Bureau\\projet 9\\MouatakideSouad_9_072022_Billed-app-FR\\Billed-app-FR-Front\\src\\containers\\Logout.js": {"path":"C:\\Users\\smoua\\OneDrive\\Bureau\\projet 9\\MouatakideSouad_9_072022_Billed-app-FR\\Billed-app-FR-Front\\src\\containers\\Logout.js","statementMap":{"0":{"start":{"line":5,"column":4},"end":{"line":5,"column":28}},"1":{"start":{"line":6,"column":4},"end":{"line":6,"column":32}},"2":{"start":{"line":7,"column":4},"end":{"line":7,"column":36}},"3":{"start":{"line":8,"column":4},"end":{"line":8,"column":51}},"4":{"start":{"line":11,"column":16},"end":{"line":14,"column":3}},"5":{"start":{"line":12,"column":4},"end":{"line":12,"column":29}},"6":{"start":{"line":13,"column":4},"end":{"line":13,"column":41}}},"fnMap":{"0":{"name":"(anonymous_0)","decl":{"start":{"line":4,"column":2},"end":{"line":4,"column":3}},"loc":{"start":{"line":4,"column":54},"end":{"line":9,"column":3}},"line":4},"1":{"name":"(anonymous_1)","decl":{"start":{"line":11,"column":16},"end":{"line":11,"column":17}},"loc":{"start":{"line":11,"column":23},"end":{"line":14,"column":3}},"line":11}},"branchMap":{},"s":{"0":19,"1":19,"2":19,"3":19,"4":19,"5":2,"6":2},"f":{"0":19,"1":2},"b":{},"_coverageSchema":"1a1c01bbd47fc00a2c39e90264f33305004495a9","hash":"243b57e28f058ce0007e9a961d8fc9655f40fc17"}
,"C:\\Users\\smoua\\OneDrive\\Bureau\\projet 9\\MouatakideSouad_9_072022_Billed-app-FR\\Billed-app-FR-Front\\src\\containers\\NewBill.js": {"path":"C:\\Users\\smoua\\OneDrive\\Bureau\\projet 9\\MouatakideSouad_9_072022_Billed-app-FR\\Billed-app-FR-Front\\src\\containers\\NewBill.js","statementMap":{"0":{"start":{"line":6,"column":4},"end":{"line":6,"column":28}},"1":{"start":{"line":7,"column":4},"end":{"line":7,"column":32}},"2":{"start":{"line":8,"column":4},"end":{"line":8,"column":22}},"3":{"start":{"line":9,"column":24},"end":{"line":9,"column":88}},"4":{"start":{"line":10,"column":4},"end":{"line":10,"column":61}},"5":{"start":{"line":11,"column":17},"end":{"line":11,"column":73}},"6":{"start":{"line":12,"column":4},"end":{"line":12,"column":58}},"7":{"start":{"line":13,"column":4},"end":{"line":13,"column":23}},"8":{"start":{"line":14,"column":4},"end":{"line":14,"column":24}},"9":{"start":{"line":15,"column":4},"end":{"line":15,"column":22}},"10":{"start":{"line":16,"column":4},"end":{"line":16,"column":54}},"11":{"start":{"line":18,"column":21},"end":{"line":54,"column":1}},"12":{"start":{"line":19,"column":4},"end":{"line":19,"column":22}},"13":{"start":{"line":20,"column":17},"end":{"line":20,"column":82}},"14":{"start":{"line":23,"column":27},"end":{"line":23,"column":69}},"15":{"start":{"line":24,"column":24},"end":{"line":24,"column":58}},"16":{"start":{"line":26,"column":4},"end":{"line":53,"column":3}},"17":{"start":{"line":28,"column":23},"end":{"line":28,"column":50}},"18":{"start":{"line":29,"column":6},"end":{"line":29,"column":28}},"19":{"start":{"line":30,"column":23},"end":{"line":30,"column":50}},"20":{"start":{"line":31,"column":23},"end":{"line":31,"column":37}},"21":{"start":{"line":32,"column":20},"end":{"line":32,"column":66}},"22":{"start":{"line":33,"column":6},"end":{"line":33,"column":35}},"23":{"start":{"line":34,"column":6},"end":{"line":34,"column":37}},"24":{"start":{"line":36,"column":6},"end":{"line":48,"column":47}},"25":{"start":{"line":45,"column":10},"end":{"line":45,"column":27}},"26":{"start":{"line":46,"column":10},"end":{"line":46,"column":32}},"27":{"start":{"line":47,"column":10},"end":{"line":47,"column":34}},"28":{"start":{"line":48,"column":26},"end":{"line":48,"column":46}},"29":{"start":{"line":51,"column":6},"end":{"line":51,"column":55}},"30":{"start":{"line":52,"column":6},"end":{"line":52,"column":25}},"31":{"start":{"line":55,"column":17},"end":{"line":74,"column":3}},"32":{"start":{"line":56,"column":4},"end":{"line":56,"column":22}},"33":{"start":{"line":57,"column":4},"end":{"line":57,"column":147}},"34":{"start":{"line":58,"column":18},"end":{"line":58,"column":64}},"35":{"start":{"line":59,"column":17},"end":{"line":71,"column":5}},"36":{"start":{"line":72,"column":4},"end":{"line":72,"column":25}},"37":{"start":{"line":73,"column":4},"end":{"line":73,"column":41}},"38":{"start":{"line":77,"column":15},"end":{"line":87,"column":3}},"39":{"start":{"line":78,"column":4},"end":{"line":86,"column":5}},"40":{"start":{"line":79,"column":6},"end":{"line":85,"column":43}},"41":{"start":{"line":83,"column":8},"end":{"line":83,"column":45}},"42":{"start":{"line":85,"column":22},"end":{"line":85,"column":42}}},"fnMap":{"0":{"name":"(anonymous_0)","decl":{"start":{"line":5,"column":2},"end":{"line":5,"column":3}},"loc":{"start":{"line":5,"column":61},"end":{"line":17,"column":3}},"line":5},"1":{"name":"(anonymous_1)","decl":{"start":{"line":18,"column":21},"end":{"line":18,"column":22}},"loc":{"start":{"line":18,"column":26},"end":{"line":54,"column":1}},"line":18},"2":{"name":"(anonymous_2)","decl":{"start":{"line":44,"column":14},"end":{"line":44,"column":15}},"loc":{"start":{"line":44,"column":34},"end":{"line":48,"column":9}},"line":44},"3":{"name":"(anonymous_3)","decl":{"start":{"line":48,"column":17},"end":{"line":48,"column":18}},"loc":{"start":{"line":48,"column":26},"end":{"line":48,"column":46}},"line":48},"4":{"name":"(anonymous_4)","decl":{"start":{"line":55,"column":17},"end":{"line":55,"column":18}},"loc":{"start":{"line":55,"column":22},"end":{"line":74,"column":3}},"line":55},"5":{"name":"(anonymous_5)","decl":{"start":{"line":77,"column":15},"end":{"line":77,"column":16}},"loc":{"start":{"line":77,"column":25},"end":{"line":87,"column":3}},"line":77},"6":{"name":"(anonymous_6)","decl":{"start":{"line":82,"column":12},"end":{"line":82,"column":13}},"loc":{"start":{"line":82,"column":18},"end":{"line":84,"column":7}},"line":82},"7":{"name":"(anonymous_7)","decl":{"start":{"line":85,"column":13},"end":{"line":85,"column":14}},"loc":{"start":{"line":85,"column":22},"end":{"line":85,"column":42}},"line":85}},"branchMap":{"0":{"loc":{"start":{"line":26,"column":4},"end":{"line":53,"column":3}},"type":"if","locations":[{"start":{"line":26,"column":4},"end":{"line":53,"column":3}},{"start":{"line":26,"column":4},"end":{"line":53,"column":3}}],"line":26},"1":{"loc":{"start":{"line":66,"column":11},"end":{"line":66,"column":83}},"type":"binary-expr","locations":[{"start":{"line":66,"column":11},"end":{"line":66,"column":77}},{"start":{"line":66,"column":81},"end":{"line":66,"column":83}}],"line":66},"2":{"loc":{"start":{"line":78,"column":4},"end":{"line":86,"column":5}},"type":"if","locations":[{"start":{"line":78,"column":4},"end":{"line":86,"column":5}},{"start":{"line":78,"column":4},"end":{"line":86,"column":5}}],"line":78}},"s":{"0":0,"1":0,"2":0,"3":0,"4":0,"5":0,"6":0,"7":0,"8":0,"9":0,"10":0,"11":0,"12":0,"13":0,"14":0,"15":0,"16":0,"17":0,"18":0,"19":0,"20":0,"21":0,"22":0,"23":0,"24":0,"25":0,"26":0,"27":0,"28":0,"29":0,"30":0,"31":0,"32":0,"33":0,"34":0,"35":0,"36":0,"37":0,"38":0,"39":0,"40":0,"41":0,"42":0},"f":{"0":0,"1":0,"2":0,"3":0,"4":0,"5":0,"6":0,"7":0},"b":{"0":[0,0],"1":[0,0],"2":[0,0]},"_coverageSchema":"1a1c01bbd47fc00a2c39e90264f33305004495a9","hash":"6b97fcdf07122a5bbfe3984f32e94f51487792e1"}
,"C:\\Users\\smoua\\OneDrive\\Bureau\\projet 9\\MouatakideSouad_9_072022_Billed-app-FR\\Billed-app-FR-Front\\src\\views\\Actions.js": {"path":"C:\\Users\\smoua\\OneDrive\\Bureau\\projet 9\\MouatakideSouad_9_072022_Billed-app-FR\\Billed-app-FR-Front\\src\\views\\Actions.js","statementMap":{"0":{"start":{"line":5,"column":2},"end":{"line":11,"column":3}}},"fnMap":{"0":{"name":"(anonymous_0)","decl":{"start":{"line":4,"column":15},"end":{"line":4,"column":16}},"loc":{"start":{"line":4,"column":28},"end":{"line":12,"column":1}},"line":4}},"branchMap":{},"s":{"0":10},"f":{"0":10},"b":{},"_coverageSchema":"1a1c01bbd47fc00a2c39e90264f33305004495a9","hash":"2dfda31c48b0eaed1caac4816c6df09a092d3bc3"}
,"C:\\Users\\smoua\\OneDrive\\Bureau\\projet 9\\MouatakideSouad_9_072022_Billed-app-FR\\Billed-app-FR-Front\\src\\views\\BillsUI.js": {"path":"C:\\Users\\smoua\\OneDrive\\Bureau\\projet 9\\MouatakideSouad_9_072022_Billed-app-FR\\Billed-app-FR-Front\\src\\views\\BillsUI.js","statementMap":{"0":{"start":{"line":7,"column":12},"end":{"line":20,"column":3}},"1":{"start":{"line":8,"column":2},"end":{"line":19,"column":6}},"2":{"start":{"line":22,"column":13},"end":{"line":24,"column":1}},"3":{"start":{"line":23,"column":2},"end":{"line":23,"column":74}},"4":{"start":{"line":23,"column":50},"end":{"line":23,"column":59}},"5":{"start":{"line":28,"column":16},"end":{"line":43,"column":4}},"6":{"start":{"line":28,"column":23},"end":{"line":43,"column":3}},"7":{"start":{"line":45,"column":2},"end":{"line":49,"column":3}},"8":{"start":{"line":46,"column":4},"end":{"line":46,"column":24}},"9":{"start":{"line":47,"column":9},"end":{"line":49,"column":3}},"10":{"start":{"line":48,"column":4},"end":{"line":48,"column":27}},"11":{"start":{"line":51,"column":2},"end":{"line":79,"column":3}}},"fnMap":{"0":{"name":"(anonymous_0)","decl":{"start":{"line":7,"column":12},"end":{"line":7,"column":13}},"loc":{"start":{"line":7,"column":22},"end":{"line":20,"column":3}},"line":7},"1":{"name":"(anonymous_1)","decl":{"start":{"line":22,"column":13},"end":{"line":22,"column":14}},"loc":{"start":{"line":22,"column":23},"end":{"line":24,"column":1}},"line":22},"2":{"name":"(anonymous_2)","decl":{"start":{"line":23,"column":42},"end":{"line":23,"column":43}},"loc":{"start":{"line":23,"column":50},"end":{"line":23,"column":59}},"line":23},"3":{"name":"(anonymous_3)","decl":{"start":{"line":26,"column":15},"end":{"line":26,"column":16}},"loc":{"start":{"line":26,"column":52},"end":{"line":80,"column":1}},"line":26},"4":{"name":"(anonymous_4)","decl":{"start":{"line":28,"column":16},"end":{"line":28,"column":17}},"loc":{"start":{"line":28,"column":23},"end":{"line":43,"column":3}},"line":28}},"branchMap":{"0":{"loc":{"start":{"line":23,"column":9},"end":{"line":23,"column":74}},"type":"cond-expr","locations":[{"start":{"line":23,"column":33},"end":{"line":23,"column":69}},{"start":{"line":23,"column":72},"end":{"line":23,"column":74}}],"line":23},"1":{"loc":{"start":{"line":23,"column":10},"end":{"line":23,"column":29}},"type":"binary-expr","locations":[{"start":{"line":23,"column":10},"end":{"line":23,"column":14}},{"start":{"line":23,"column":18},"end":{"line":23,"column":29}}],"line":23},"2":{"loc":{"start":{"line":45,"column":2},"end":{"line":49,"column":3}},"type":"if","locations":[{"start":{"line":45,"column":2},"end":{"line":49,"column":3}},{"start":{"line":45,"column":2},"end":{"line":49,"column":3}}],"line":45},"3":{"loc":{"start":{"line":47,"column":9},"end":{"line":49,"column":3}},"type":"if","locations":[{"start":{"line":47,"column":9},"end":{"line":49,"column":3}},{"start":{"line":47,"column":9},"end":{"line":49,"column":3}}],"line":47}},"s":{"0":6,"1":8,"2":6,"3":5,"4":8,"5":7,"6":5,"7":7,"8":1,"9":6,"10":1,"11":5},"f":{"0":8,"1":5,"2":8,"3":7,"4":5},"b":{"0":[2,3],"1":[5,3],"2":[1,6],"3":[1,5]},"_coverageSchema":"1a1c01bbd47fc00a2c39e90264f33305004495a9","hash":"d495f16f945e693f5460cc58471d05fa21760b38"}
,"C:\\Users\\smoua\\OneDrive\\Bureau\\projet 9\\MouatakideSouad_9_072022_Billed-app-FR\\Billed-app-FR-Front\\src\\views\\DashboardFormUI.js": {"path":"C:\\Users\\smoua\\OneDrive\\Bureau\\projet 9\\MouatakideSouad_9_072022_Billed-app-FR\\Billed-app-FR-Front\\src\\views\\DashboardFormUI.js","statementMap":{"0":{"start":{"line":7,"column":21},"end":{"line":22,"column":4}},"1":{"start":{"line":7,"column":28},"end":{"line":22,"column":3}},"2":{"start":{"line":26,"column":2},"end":{"line":101,"column":4}}},"fnMap":{"0":{"name":"(anonymous_0)","decl":{"start":{"line":7,"column":21},"end":{"line":7,"column":22}},"loc":{"start":{"line":7,"column":28},"end":{"line":22,"column":3}},"line":7},"1":{"name":"(anonymous_1)","decl":{"start":{"line":24,"column":15},"end":{"line":24,"column":16}},"loc":{"start":{"line":24,"column":25},"end":{"line":102,"column":1}},"line":24}},"branchMap":{"0":{"loc":{"start":{"line":79,"column":9},"end":{"line":89,"column":9}},"type":"cond-expr","locations":[{"start":{"line":79,"column":38},"end":{"line":84,"column":8}},{"start":{"line":84,"column":13},"end":{"line":89,"column":8}}],"line":79},"1":{"loc":{"start":{"line":92,"column":8},"end":{"line":97,"column":13}},"type":"cond-expr","locations":[{"start":{"line":92,"column":37},"end":{"line":97,"column":7}},{"start":{"line":97,"column":11},"end":{"line":97,"column":13}}],"line":92}},"s":{"0":7,"1":9,"2":9},"f":{"0":9,"1":9},"b":{"0":[6,3],"1":[6,3]},"_coverageSchema":"1a1c01bbd47fc00a2c39e90264f33305004495a9","hash":"8c70b5350ccd9091af3b6c78f3cb2d1f5a549a34"}
,"C:\\Users\\smoua\\OneDrive\\Bureau\\projet 9\\MouatakideSouad_9_072022_Billed-app-FR\\Billed-app-FR-Front\\src\\views\\DashboardUI.js": {"path":"C:\\Users\\smoua\\OneDrive\\Bureau\\projet 9\\MouatakideSouad_9_072022_Billed-app-FR\\Billed-app-FR-Front\\src\\views\\DashboardUI.js","statementMap":{"0":{"start":{"line":10,"column":2},"end":{"line":14,"column":3}},"1":{"start":{"line":11,"column":4},"end":{"line":11,"column":24}},"2":{"start":{"line":12,"column":9},"end":{"line":14,"column":3}},"3":{"start":{"line":13,"column":4},"end":{"line":13,"column":27}},"4":{"start":{"line":15,"column":2},"end":{"line":15,"column":59}},"5":{"start":{"line":17,"column":2},"end":{"line":49,"column":3}}},"fnMap":{"0":{"name":"(anonymous_0)","decl":{"start":{"line":8,"column":15},"end":{"line":8,"column":16}},"loc":{"start":{"line":8,"column":45},"end":{"line":50,"column":1}},"line":8}},"branchMap":{"0":{"loc":{"start":{"line":10,"column":2},"end":{"line":14,"column":3}},"type":"if","locations":[{"start":{"line":10,"column":2},"end":{"line":14,"column":3}},{"start":{"line":10,"column":2},"end":{"line":14,"column":3}}],"line":10},"1":{"loc":{"start":{"line":12,"column":9},"end":{"line":14,"column":3}},"type":"if","locations":[{"start":{"line":12,"column":9},"end":{"line":14,"column":3}},{"start":{"line":12,"column":9},"end":{"line":14,"column":3}}],"line":12},"2":{"loc":{"start":{"line":15,"column":28},"end":{"line":15,"column":46}},"type":"binary-expr","locations":[{"start":{"line":15,"column":28},"end":{"line":15,"column":32}},{"start":{"line":15,"column":36},"end":{"line":15,"column":46}}],"line":15},"3":{"loc":{"start":{"line":23,"column":45},"end":{"line":23,"column":63}},"type":"binary-expr","locations":[{"start":{"line":23,"column":45},"end":{"line":23,"column":49}},{"start":{"line":23,"column":53},"end":{"line":23,"column":63}}],"line":23},"4":{"loc":{"start":{"line":30,"column":43},"end":{"line":30,"column":61}},"type":"binary-expr","locations":[{"start":{"line":30,"column":43},"end":{"line":30,"column":47}},{"start":{"line":30,"column":51},"end":{"line":30,"column":61}}],"line":30},"5":{"loc":{"start":{"line":37,"column":43},"end":{"line":37,"column":61}},"type":"binary-expr","locations":[{"start":{"line":37,"column":43},"end":{"line":37,"column":47}},{"start":{"line":37,"column":51},"end":{"line":37,"column":61}}],"line":37}},"s":{"0":21,"1":6,"2":15,"3":3,"4":12,"5":12},"f":{"0":21},"b":{"0":[6,15],"1":[3,12],"2":[12,7],"3":[12,7],"4":[12,7],"5":[12,7]},"_coverageSchema":"1a1c01bbd47fc00a2c39e90264f33305004495a9","hash":"acb722903476f89c942f07bee7939e0d95ccf263"}
,"C:\\Users\\smoua\\OneDrive\\Bureau\\projet 9\\MouatakideSouad_9_072022_Billed-app-FR\\Billed-app-FR-Front\\src\\views\\ErrorPage.js": {"path":"C:\\Users\\smoua\\OneDrive\\Bureau\\projet 9\\MouatakideSouad_9_072022_Billed-app-FR\\Billed-app-FR-Front\\src\\views\\ErrorPage.js","statementMap":{"0":{"start":{"line":4,"column":2},"end":{"line":15,"column":3}}},"fnMap":{"0":{"name":"(anonymous_0)","decl":{"start":{"line":3,"column":15},"end":{"line":3,"column":16}},"loc":{"start":{"line":3,"column":26},"end":{"line":16,"column":1}},"line":3}},"branchMap":{"0":{"loc":{"start":{"line":12,"column":12},"end":{"line":12,"column":30}},"type":"cond-expr","locations":[{"start":{"line":12,"column":20},"end":{"line":12,"column":25}},{"start":{"line":12,"column":28},"end":{"line":12,"column":30}}],"line":12}},"s":{"0":6},"f":{"0":6},"b":{"0":[5,1]},"_coverageSchema":"1a1c01bbd47fc00a2c39e90264f33305004495a9","hash":"e9f8d73448cb17d98cba8665e810825332ad7ee7"}
,"C:\\Users\\smoua\\OneDrive\\Bureau\\projet 9\\MouatakideSouad_9_072022_Billed-app-FR\\Billed-app-FR-Front\\src\\views\\LoadingPage.js": {"path":"C:\\Users\\smoua\\OneDrive\\Bureau\\projet 9\\MouatakideSouad_9_072022_Billed-app-FR\\Billed-app-FR-Front\\src\\views\\LoadingPage.js","statementMap":{"0":{"start":{"line":5,"column":2},"end":{"line":12,"column":3}}},"fnMap":{"0":{"name":"(anonymous_0)","decl":{"start":{"line":3,"column":15},"end":{"line":3,"column":16}},"loc":{"start":{"line":3,"column":21},"end":{"line":13,"column":1}},"line":3}},"branchMap":{},"s":{"0":8},"f":{"0":8},"b":{},"_coverageSchema":"1a1c01bbd47fc00a2c39e90264f33305004495a9","hash":"1e6e6c360919671ea69638bb437fc47d1bd1c7a2"}
,"C:\\Users\\smoua\\OneDrive\\Bureau\\projet 9\\MouatakideSouad_9_072022_Billed-app-FR\\Billed-app-FR-Front\\src\\views\\LoginUI.js": {"path":"C:\\Users\\smoua\\OneDrive\\Bureau\\projet 9\\MouatakideSouad_9_072022_Billed-app-FR\\Billed-app-FR-Front\\src\\views\\LoginUI.js","statementMap":{"0":{"start":{"line":4,"column":2},"end":{"line":46,"column":4}}},"fnMap":{"0":{"name":"(anonymous_0)","decl":{"start":{"line":2,"column":15},"end":{"line":2,"column":16}},"loc":{"start":{"line":2,"column":21},"end":{"line":47,"column":1}},"line":2}},"branchMap":{},"s":{"0":14},"f":{"0":14},"b":{},"_coverageSchema":"1a1c01bbd47fc00a2c39e90264f33305004495a9","hash":"affb57fd5b1a3e7aa4d9b1368b1cb485aaf45dff"}
,"C:\\Users\\smoua\\OneDrive\\Bureau\\projet 9\\MouatakideSouad_9_072022_Billed-app-FR\\Billed-app-FR-Front\\src\\views\\NewBillUI.js": {"path":"C:\\Users\\smoua\\OneDrive\\Bureau\\projet 9\\MouatakideSouad_9_072022_Billed-app-FR\\Billed-app-FR-Front\\src\\views\\NewBillUI.js","statementMap":{"0":{"start":{"line":5,"column":2},"end":{"line":74,"column":4}}},"fnMap":{"0":{"name":"(anonymous_0)","decl":{"start":{"line":3,"column":15},"end":{"line":3,"column":16}},"loc":{"start":{"line":3,"column":21},"end":{"line":75,"column":1}},"line":3}},"branchMap":{},"s":{"0":5},"f":{"0":5},"b":{},"_coverageSchema":"1a1c01bbd47fc00a2c39e90264f33305004495a9","hash":"6305ca9c3413d86dcbfb760232e7257b8badba63"}
,"C:\\Users\\smoua\\OneDrive\\Bureau\\projet 9\\MouatakideSouad_9_072022_Billed-app-FR\\Billed-app-FR-Front\\src\\views\\VerticalLayout.js": {"path":"C:\\Users\\smoua\\OneDrive\\Bureau\\projet 9\\MouatakideSouad_9_072022_Billed-app-FR\\Billed-app-FR-Front\\src\\views\\VerticalLayout.js","statementMap":{"0":{"start":{"line":7,"column":4},"end":{"line":7,"column":51}},"1":{"start":{"line":8,"column":4},"end":{"line":10,"column":5}},"2":{"start":{"line":9,"column":6},"end":{"line":9,"column":29}},"3":{"start":{"line":11,"column":4},"end":{"line":39,"column":5}},"4":{"start":{"line":12,"column":6},"end":{"line":27,"column":7}},"5":{"start":{"line":29,"column":6},"end":{"line":38,"column":7}}},"fnMap":{"0":{"name":"(anonymous_0)","decl":{"start":{"line":5,"column":15},"end":{"line":5,"column":16}},"loc":{"start":{"line":5,"column":27},"end":{"line":40,"column":1}},"line":5}},"branchMap":{"0":{"loc":{"start":{"line":8,"column":4},"end":{"line":10,"column":5}},"type":"if","locations":[{"start":{"line":8,"column":4},"end":{"line":10,"column":5}},{"start":{"line":8,"column":4},"end":{"line":10,"column":5}}],"line":8},"1":{"loc":{"start":{"line":11,"column":4},"end":{"line":39,"column":5}},"type":"if","locations":[{"start":{"line":11,"column":4},"end":{"line":39,"column":5}},{"start":{"line":11,"column":4},"end":{"line":39,"column":5}}],"line":11},"2":{"loc":{"start":{"line":11,"column":8},"end":{"line":11,"column":40}},"type":"binary-expr","locations":[{"start":{"line":11,"column":8},"end":{"line":11,"column":12}},{"start":{"line":11,"column":16},"end":{"line":11,"column":40}}],"line":11}},"s":{"0":37,"1":37,"2":24,"3":37,"4":8,"5":29},"f":{"0":37},"b":{"0":[24,13],"1":[8,29],"2":[37,24]},"_coverageSchema":"1a1c01bbd47fc00a2c39e90264f33305004495a9","hash":"6b025fde0d93a6ad44bee0908db7c7f69e3f9b39"}
}
