TN:
SF:src\constants\routes.js
FN:13,(anonymous_0)
FNF:1
FNH:1
FNDA:49,(anonymous_0)
DA:6,6
DA:13,6
DA:14,49
DA:16,9
DA:18,21
DA:20,5
DA:22,12
DA:24,2
LF:8
LH:8
BRDA:14,0,0,9
BRDA:14,0,1,21
BRDA:14,0,2,5
BRDA:14,0,3,12
BRDA:14,0,4,2
BRF:5
BRH:5
end_of_record
TN:
SF:src\constants\usersTest.js
FNF:0
FNH:0
LF:0
LH:0
BRF:0
BRH:0
end_of_record
TN:
SF:src\containers\Bills.js
FN:6,(anonymous_0)
FN:13,(anonymous_1)
FN:14,(anonymous_2)
FN:20,(anonymous_3)
FN:24,(anonymous_4)
FN:31,(anonymous_5)
FN:36,(anonymous_6)
FN:38,(anonymous_7)
FNF:8
FNH:8
FNDA:13,(anonymous_0)
FNDA:20,(anonymous_1)
FNDA:1,(anonymous_2)
FNDA:3,(anonymous_3)
FNDA:1,(anonymous_4)
FNDA:7,(anonymous_5)
FNDA:5,(anonymous_6)
FNDA:20,(anonymous_7)
DA:7,13
DA:8,13
DA:9,13
DA:10,13
DA:11,13
DA:12,13
DA:13,13
DA:14,20
DA:17,13
DA:20,13
DA:21,3
DA:24,13
DA:25,1
DA:26,1
DA:27,1
DA:28,1
DA:31,13
DA:32,7
DA:33,7
DA:37,5
DA:39,20
DA:40,20
DA:48,0
DA:49,0
DA:56,5
DA:57,5
LF:26
LH:24
BRDA:11,0,0,6
BRDA:11,0,1,7
BRDA:13,1,0,13
BRDA:13,1,1,0
BRDA:32,2,0,7
BRDA:32,2,1,0
BRF:6
BRH:4
end_of_record
TN:
SF:src\containers\Dashboard.js
FN:8,(anonymous_0)
FN:10,(anonymous_1)
FN:33,(anonymous_2)
FN:58,(anonymous_3)
FN:59,(anonymous_4)
FN:62,(anonymous_5)
FN:74,(anonymous_6)
FN:78,(anonymous_7)
FN:79,(anonymous_8)
FN:80,(anonymous_9)
FN:84,(anonymous_10)
FN:91,(anonymous_11)
FN:95,(anonymous_12)
FN:112,(anonymous_13)
FN:113,(anonymous_14)
FN:116,(anonymous_15)
FN:126,(anonymous_16)
FN:136,(anonymous_17)
FN:152,(anonymous_18)
FN:153,(anonymous_19)
FN:160,(anonymous_20)
FN:165,(anonymous_21)
FN:167,(anonymous_22)
FN:175,(anonymous_23)
FNF:24
FNH:19
FNDA:56,(anonymous_0)
FNDA:128,(anonymous_1)
FNDA:6,(anonymous_2)
FNDA:6,(anonymous_3)
FNDA:6,(anonymous_4)
FNDA:5,(anonymous_5)
FNDA:14,(anonymous_6)
FNDA:0,(anonymous_7)
FNDA:0,(anonymous_8)
FNDA:0,(anonymous_9)
FNDA:1,(anonymous_10)
FNDA:3,(anonymous_11)
FNDA:8,(anonymous_12)
FNDA:0,(anonymous_13)
FNDA:0,(anonymous_14)
FNDA:1,(anonymous_15)
FNDA:1,(anonymous_16)
FNDA:5,(anonymous_17)
FNDA:20,(anonymous_18)
FNDA:3,(anonymous_19)
FNDA:5,(anonymous_20)
FNDA:3,(anonymous_21)
FNDA:12,(anonymous_22)
FNDA:2,(anonymous_23)
DA:8,6
DA:9,56
DA:15,128
DA:16,128
DA:28,128
DA:33,6
DA:34,6
DA:35,6
DA:37,6
DA:40,6
DA:58,6
DA:59,6
DA:62,6
DA:63,5
DA:65,3
DA:67,1
DA:69,1
DA:75,14
DA:76,14
DA:77,14
DA:78,14
DA:79,14
DA:80,14
DA:81,14
DA:84,14
DA:85,1
DA:86,1
DA:87,1
DA:88,1
DA:92,3
DA:93,3
DA:94,3
DA:95,2
DA:96,8
DA:98,2
DA:99,2
DA:100,2
DA:101,2
DA:103,1
DA:105,1
DA:108,1
DA:109,1
DA:111,3
DA:112,3
DA:113,3
DA:116,14
DA:117,1
DA:122,1
DA:123,1
DA:126,14
DA:127,1
DA:132,1
DA:133,1
DA:137,5
DA:138,5
DA:139,5
DA:140,5
DA:141,5
DA:143,5
DA:145,0
DA:146,0
DA:148,0
DA:152,5
DA:153,20
DA:156,5
DA:160,14
DA:161,5
DA:162,5
DA:166,3
DA:167,12
DA:173,3
DA:176,2
LF:72
LH:69
BRDA:9,0,0,32
BRDA:9,0,1,24
BRDA:9,1,0,56
BRDA:9,1,1,32
BRDA:15,2,0,128
BRDA:15,2,1,0
BRDA:35,3,0,0
BRDA:35,3,1,6
BRDA:37,4,0,0
BRDA:37,4,1,6
BRDA:59,5,0,5
BRDA:59,5,1,1
BRDA:59,6,0,6
BRDA:59,6,1,6
BRDA:63,7,0,3
BRDA:63,7,1,1
BRDA:63,7,2,1
BRDA:88,8,0,0
BRDA:88,8,1,1
BRDA:92,9,0,2
BRDA:92,9,1,1
BRDA:92,10,0,3
BRDA:92,10,1,3
BRDA:93,11,0,2
BRDA:93,11,1,1
BRDA:93,12,0,3
BRDA:93,12,1,1
BRDA:94,13,0,2
BRDA:94,13,1,1
BRDA:137,14,0,5
BRDA:137,14,1,0
BRDA:137,15,0,5
BRDA:137,15,1,2
BRDA:138,16,0,5
BRDA:138,16,1,0
BRDA:138,17,0,5
BRDA:138,17,1,2
BRDA:139,18,0,5
BRDA:139,18,1,0
BRDA:161,19,0,5
BRDA:161,19,1,0
BRF:41
BRH:33
end_of_record
TN:
SF:src\containers\Login.js
FN:7,(anonymous_0)
FN:18,(anonymous_1)
FN:29,(anonymous_2)
FN:31,(anonymous_3)
FN:40,(anonymous_4)
FN:53,(anonymous_5)
FN:55,(anonymous_6)
FN:64,(anonymous_7)
FN:70,(anonymous_8)
FN:79,(anonymous_9)
FN:89,(anonymous_10)
FNF:11
FNH:5
FNDA:4,(anonymous_0)
FNDA:2,(anonymous_1)
FNDA:0,(anonymous_2)
FNDA:2,(anonymous_3)
FNDA:2,(anonymous_4)
FNDA:0,(anonymous_5)
FNDA:2,(anonymous_6)
FNDA:0,(anonymous_7)
FNDA:0,(anonymous_8)
FNDA:0,(anonymous_9)
FNDA:0,(anonymous_10)
DA:3,4
DA:8,4
DA:9,4
DA:10,4
DA:11,4
DA:12,4
DA:13,4
DA:14,4
DA:15,4
DA:16,4
DA:18,4
DA:19,2
DA:20,2
DA:26,2
DA:27,2
DA:29,0
DA:32,2
DA:33,2
DA:34,2
DA:35,2
DA:40,4
DA:41,2
DA:42,2
DA:43,2
DA:50,2
DA:51,2
DA:53,0
DA:56,2
DA:57,2
DA:58,2
DA:59,2
DA:64,4
DA:65,0
DA:66,0
DA:71,0
DA:74,0
DA:79,4
DA:80,0
DA:81,0
DA:90,0
DA:91,0
DA:94,0
LF:42
LH:31
BRDA:65,0,0,0
BRDA:65,0,1,0
BRDA:80,1,0,0
BRDA:80,1,1,0
BRF:4
BRH:0
end_of_record
TN:
SF:src\containers\Logout.js
FN:4,(anonymous_0)
FN:11,(anonymous_1)
FNF:2
FNH:2
FNDA:33,(anonymous_0)
FNDA:2,(anonymous_1)
DA:5,33
DA:6,33
DA:7,33
DA:8,33
DA:11,33
DA:12,2
DA:13,2
LF:7
LH:7
BRF:0
BRH:0
end_of_record
TN:
SF:src\containers\NewBill.js
FN:5,(anonymous_0)
FN:18,(anonymous_1)
FN:44,(anonymous_2)
FN:48,(anonymous_3)
FN:55,(anonymous_4)
FN:77,(anonymous_5)
FN:82,(anonymous_6)
FN:85,(anonymous_7)
FNF:8
FNH:7
FNDA:5,(anonymous_0)
FNDA:4,(anonymous_1)
FNDA:2,(anonymous_2)
FNDA:0,(anonymous_3)
FNDA:7,(anonymous_4)
FNDA:5,(anonymous_5)
FNDA:4,(anonymous_6)
FNDA:1,(anonymous_7)
DA:6,5
DA:7,5
DA:8,5
DA:9,5
DA:10,5
DA:11,5
DA:12,5
DA:13,5
DA:14,5
DA:15,5
DA:16,5
DA:18,5
DA:19,4
DA:20,4
DA:23,4
DA:24,4
DA:26,4
DA:28,2
DA:29,2
DA:30,2
DA:31,2
DA:32,2
DA:33,2
DA:34,2
DA:36,2
DA:45,2
DA:46,2
DA:47,2
DA:48,0
DA:51,2
DA:52,2
DA:55,5
DA:56,7
DA:57,7
DA:58,7
DA:59,7
DA:72,7
DA:73,7
DA:77,5
DA:78,5
DA:79,5
DA:83,4
DA:85,1
LF:43
LH:42
BRDA:26,0,0,2
BRDA:26,0,1,2
BRDA:66,1,0,7
BRDA:66,1,1,5
BRDA:78,2,0,5
BRDA:78,2,1,0
BRF:6
BRH:5
end_of_record
TN:
SF:src\views\Actions.js
FN:4,(anonymous_0)
FNF:1
FNH:1
FNDA:26,(anonymous_0)
DA:5,26
LF:1
LH:1
BRF:0
BRH:0
end_of_record
TN:
SF:src\views\BillsUI.js
FN:7,(anonymous_0)
FN:22,(anonymous_1)
FN:23,(anonymous_2)
FN:26,(anonymous_3)
FN:28,(anonymous_4)
FNF:5
FNH:5
FNDA:24,(anonymous_0)
FNDA:19,(anonymous_1)
FNDA:24,(anonymous_2)
FNDA:27,(anonymous_3)
FNDA:19,(anonymous_4)
DA:7,6
DA:8,24
DA:22,6
DA:23,24
DA:28,27
DA:45,27
DA:46,6
DA:47,21
DA:48,2
DA:51,19
LF:10
LH:10
BRDA:23,0,0,6
BRDA:23,0,1,13
BRDA:23,1,0,19
BRDA:23,1,1,7
BRDA:45,2,0,6
BRDA:45,2,1,21
BRDA:47,3,0,2
BRDA:47,3,1,19
BRF:8
BRH:8
end_of_record
TN:
SF:src\views\DashboardFormUI.js
FN:7,(anonymous_0)
FN:24,(anonymous_1)
FNF:2
FNH:2
FNDA:9,(anonymous_0)
FNDA:9,(anonymous_1)
DA:7,9
DA:26,9
LF:2
LH:2
BRDA:79,0,0,6
BRDA:79,0,1,3
BRDA:92,1,0,6
BRDA:92,1,1,3
BRF:4
BRH:4
end_of_record
TN:
SF:src\views\DashboardUI.js
FN:8,(anonymous_0)
FNF:1
FNH:1
FNDA:21,(anonymous_0)
DA:10,21
DA:11,6
DA:12,15
DA:13,3
DA:15,12
DA:17,12
LF:6
LH:6
BRDA:10,0,0,6
BRDA:10,0,1,15
BRDA:12,1,0,3
BRDA:12,1,1,12
BRDA:15,2,0,12
BRDA:15,2,1,7
BRDA:23,3,0,12
BRDA:23,3,1,7
BRDA:30,4,0,12
BRDA:30,4,1,7
BRDA:37,5,0,12
BRDA:37,5,1,7
BRF:12
BRH:12
end_of_record
TN:
SF:src\views\ErrorPage.js
FN:3,(anonymous_0)
FNF:1
FNH:1
FNDA:7,(anonymous_0)
DA:4,7
LF:1
LH:1
BRDA:12,0,0,6
BRDA:12,0,1,1
BRF:2
BRH:2
end_of_record
TN:
SF:src\views\LoadingPage.js
FN:3,(anonymous_0)
FNF:1
FNH:1
FNDA:13,(anonymous_0)
DA:5,13
LF:1
LH:1
BRF:0
BRH:0
end_of_record
TN:
SF:src\views\LoginUI.js
FN:2,(anonymous_0)
FNF:1
FNH:1
FNDA:17,(anonymous_0)
DA:4,17
LF:1
LH:1
BRF:0
BRH:0
end_of_record
TN:
SF:src\views\NewBillUI.js
FN:3,(anonymous_0)
FNF:1
FNH:1
FNDA:9,(anonymous_0)
DA:5,9
LF:1
LH:1
BRF:0
BRH:0
end_of_record
TN:
SF:src\views\VerticalLayout.js
FN:5,(anonymous_0)
FNF:1
FNH:1
FNDA:61,(anonymous_0)
DA:7,61
DA:8,61
DA:9,49
DA:11,61
DA:12,33
DA:29,28
LF:6
LH:6
BRDA:8,0,0,49
BRDA:8,0,1,12
BRDA:11,1,0,33
BRDA:11,1,1,28
BRDA:11,2,0,61
BRDA:11,2,1,49
BRF:6
BRH:6
end_of_record
