TN:
SF:src\constants\routes.js
FN:13,(anonymous_0)
FNF:1
FNH:1
FNDA:26,(anonymous_0)
DA:6,6
DA:13,6
DA:14,26
DA:16,7
DA:18,5
DA:20,1
DA:22,12
DA:24,1
LF:8
LH:8
BRDA:14,0,0,7
BRDA:14,0,1,5
BRDA:14,0,2,1
BRDA:14,0,3,12
BRDA:14,0,4,1
BRF:5
BRH:5
end_of_record
TN:
SF:src\constants\usersTest.js
FNF:0
FNH:0
LF:0
LH:0
BRF:0
BRH:0
end_of_record
TN:
SF:src\containers\Bills.js
FN:6,(anonymous_0)
FN:13,(anonymous_1)
FN:14,(anonymous_2)
FN:20,(anonymous_3)
FN:24,(anonymous_4)
FN:31,(anonymous_5)
FN:36,(anonymous_6)
FN:38,(anonymous_7)
FNF:8
FNH:5
FNDA:2,(anonymous_0)
FNDA:4,(anonymous_1)
FNDA:1,(anonymous_2)
FNDA:0,(anonymous_3)
FNDA:1,(anonymous_4)
FNDA:1,(anonymous_5)
FNDA:0,(anonymous_6)
FNDA:0,(anonymous_7)
DA:7,2
DA:8,2
DA:9,2
DA:10,2
DA:11,2
DA:12,2
DA:13,2
DA:14,4
DA:17,2
DA:20,2
DA:21,0
DA:24,2
DA:25,1
DA:26,1
DA:27,1
DA:28,1
DA:31,2
DA:32,1
DA:33,1
DA:37,0
DA:39,0
DA:40,0
DA:48,0
DA:49,0
DA:56,0
DA:57,0
LF:26
LH:18
BRDA:11,0,0,1
BRDA:11,0,1,1
BRDA:13,1,0,2
BRDA:13,1,1,0
BRDA:32,2,0,1
BRDA:32,2,1,0
BRF:6
BRH:4
end_of_record
TN:
SF:src\containers\Dashboard.js
FN:8,(anonymous_0)
FN:10,(anonymous_1)
FN:33,(anonymous_2)
FN:58,(anonymous_3)
FN:59,(anonymous_4)
FN:62,(anonymous_5)
FN:74,(anonymous_6)
FN:78,(anonymous_7)
FN:79,(anonymous_8)
FN:80,(anonymous_9)
FN:84,(anonymous_10)
FN:91,(anonymous_11)
FN:95,(anonymous_12)
FN:112,(anonymous_13)
FN:113,(anonymous_14)
FN:116,(anonymous_15)
FN:126,(anonymous_16)
FN:136,(anonymous_17)
FN:152,(anonymous_18)
FN:153,(anonymous_19)
FN:160,(anonymous_20)
FN:165,(anonymous_21)
FN:167,(anonymous_22)
FN:175,(anonymous_23)
FNF:24
FNH:19
FNDA:56,(anonymous_0)
FNDA:128,(anonymous_1)
FNDA:6,(anonymous_2)
FNDA:6,(anonymous_3)
FNDA:6,(anonymous_4)
FNDA:5,(anonymous_5)
FNDA:14,(anonymous_6)
FNDA:0,(anonymous_7)
FNDA:0,(anonymous_8)
FNDA:0,(anonymous_9)
FNDA:1,(anonymous_10)
FNDA:3,(anonymous_11)
FNDA:8,(anonymous_12)
FNDA:0,(anonymous_13)
FNDA:0,(anonymous_14)
FNDA:1,(anonymous_15)
FNDA:1,(anonymous_16)
FNDA:5,(anonymous_17)
FNDA:20,(anonymous_18)
FNDA:3,(anonymous_19)
FNDA:5,(anonymous_20)
FNDA:3,(anonymous_21)
FNDA:12,(anonymous_22)
FNDA:2,(anonymous_23)
DA:8,6
DA:9,56
DA:15,128
DA:16,128
DA:28,128
DA:33,6
DA:34,6
DA:35,6
DA:37,6
DA:40,6
DA:58,6
DA:59,6
DA:62,6
DA:63,5
DA:65,3
DA:67,1
DA:69,1
DA:75,14
DA:76,14
DA:77,14
DA:78,14
DA:79,14
DA:80,14
DA:81,14
DA:84,14
DA:85,1
DA:86,1
DA:87,1
DA:88,1
DA:92,3
DA:93,3
DA:94,3
DA:95,2
DA:96,8
DA:98,2
DA:99,2
DA:100,2
DA:101,2
DA:103,1
DA:105,1
DA:108,1
DA:109,1
DA:111,3
DA:112,3
DA:113,3
DA:116,14
DA:117,1
DA:122,1
DA:123,1
DA:126,14
DA:127,1
DA:132,1
DA:133,1
DA:137,5
DA:138,5
DA:139,5
DA:140,5
DA:141,5
DA:143,5
DA:145,0
DA:146,0
DA:148,0
DA:152,5
DA:153,20
DA:156,5
DA:160,14
DA:161,5
DA:162,5
DA:166,3
DA:167,12
DA:173,3
DA:176,2
LF:72
LH:69
BRDA:9,0,0,32
BRDA:9,0,1,24
BRDA:9,1,0,56
BRDA:9,1,1,32
BRDA:15,2,0,128
BRDA:15,2,1,0
BRDA:35,3,0,0
BRDA:35,3,1,6
BRDA:37,4,0,0
BRDA:37,4,1,6
BRDA:59,5,0,5
BRDA:59,5,1,1
BRDA:59,6,0,6
BRDA:59,6,1,6
BRDA:63,7,0,3
BRDA:63,7,1,1
BRDA:63,7,2,1
BRDA:88,8,0,0
BRDA:88,8,1,1
BRDA:92,9,0,2
BRDA:92,9,1,1
BRDA:92,10,0,3
BRDA:92,10,1,3
BRDA:93,11,0,2
BRDA:93,11,1,1
BRDA:93,12,0,3
BRDA:93,12,1,1
BRDA:94,13,0,2
BRDA:94,13,1,1
BRDA:137,14,0,5
BRDA:137,14,1,0
BRDA:137,15,0,5
BRDA:137,15,1,2
BRDA:138,16,0,5
BRDA:138,16,1,0
BRDA:138,17,0,5
BRDA:138,17,1,2
BRDA:139,18,0,5
BRDA:139,18,1,0
BRDA:161,19,0,5
BRDA:161,19,1,0
BRF:41
BRH:33
end_of_record
TN:
SF:src\containers\Login.js
FN:7,(anonymous_0)
FN:18,(anonymous_1)
FN:29,(anonymous_2)
FN:31,(anonymous_3)
FN:40,(anonymous_4)
FN:52,(anonymous_5)
FN:54,(anonymous_6)
FN:63,(anonymous_7)
FN:69,(anonymous_8)
FN:78,(anonymous_9)
FN:88,(anonymous_10)
FNF:11
FNH:5
FNDA:4,(anonymous_0)
FNDA:2,(anonymous_1)
FNDA:0,(anonymous_2)
FNDA:2,(anonymous_3)
FNDA:2,(anonymous_4)
FNDA:0,(anonymous_5)
FNDA:2,(anonymous_6)
FNDA:0,(anonymous_7)
FNDA:0,(anonymous_8)
FNDA:0,(anonymous_9)
FNDA:0,(anonymous_10)
DA:3,3
DA:8,4
DA:9,4
DA:10,4
DA:11,4
DA:12,4
DA:13,4
DA:14,4
DA:15,4
DA:16,4
DA:18,4
DA:19,2
DA:20,2
DA:26,2
DA:27,2
DA:29,0
DA:32,2
DA:33,2
DA:34,2
DA:35,2
DA:40,4
DA:41,2
DA:42,2
DA:49,2
DA:50,2
DA:52,0
DA:55,2
DA:56,2
DA:57,2
DA:58,2
DA:63,4
DA:64,0
DA:65,0
DA:70,0
DA:73,0
DA:78,4
DA:79,0
DA:80,0
DA:89,0
DA:90,0
DA:93,0
LF:41
LH:30
BRDA:64,0,0,0
BRDA:64,0,1,0
BRDA:79,1,0,0
BRDA:79,1,1,0
BRF:4
BRH:0
end_of_record
TN:
SF:src\containers\Logout.js
FN:4,(anonymous_0)
FN:11,(anonymous_1)
FNF:2
FNH:2
FNDA:17,(anonymous_0)
FNDA:2,(anonymous_1)
DA:5,17
DA:6,17
DA:7,17
DA:8,17
DA:11,17
DA:12,2
DA:13,2
LF:7
LH:7
BRF:0
BRH:0
end_of_record
TN:
SF:src\containers\NewBill.js
FN:5,(anonymous_0)
FN:18,(anonymous_1)
FN:44,(anonymous_2)
FN:48,(anonymous_3)
FN:55,(anonymous_4)
FN:77,(anonymous_5)
FN:82,(anonymous_6)
FN:85,(anonymous_7)
FNF:8
FNH:0
FNDA:0,(anonymous_0)
FNDA:0,(anonymous_1)
FNDA:0,(anonymous_2)
FNDA:0,(anonymous_3)
FNDA:0,(anonymous_4)
FNDA:0,(anonymous_5)
FNDA:0,(anonymous_6)
FNDA:0,(anonymous_7)
DA:6,0
DA:7,0
DA:8,0
DA:9,0
DA:10,0
DA:11,0
DA:12,0
DA:13,0
DA:14,0
DA:15,0
DA:16,0
DA:18,0
DA:19,0
DA:20,0
DA:23,0
DA:24,0
DA:26,0
DA:28,0
DA:29,0
DA:30,0
DA:31,0
DA:32,0
DA:33,0
DA:34,0
DA:36,0
DA:45,0
DA:46,0
DA:47,0
DA:48,0
DA:51,0
DA:52,0
DA:55,0
DA:56,0
DA:57,0
DA:58,0
DA:59,0
DA:72,0
DA:73,0
DA:77,0
DA:78,0
DA:79,0
DA:83,0
DA:85,0
LF:43
LH:0
BRDA:26,0,0,0
BRDA:26,0,1,0
BRDA:66,1,0,0
BRDA:66,1,1,0
BRDA:78,2,0,0
BRDA:78,2,1,0
BRF:6
BRH:0
end_of_record
TN:
SF:src\views\Actions.js
FN:4,(anonymous_0)
FNF:1
FNH:1
FNDA:10,(anonymous_0)
DA:5,10
LF:1
LH:1
BRF:0
BRH:0
end_of_record
TN:
SF:src\views\BillsUI.js
FN:7,(anonymous_0)
FN:22,(anonymous_1)
FN:23,(anonymous_2)
FN:26,(anonymous_3)
FN:28,(anonymous_4)
FNF:5
FNH:5
FNDA:8,(anonymous_0)
FNDA:5,(anonymous_1)
FNDA:8,(anonymous_2)
FNDA:7,(anonymous_3)
FNDA:5,(anonymous_4)
DA:7,6
DA:8,8
DA:22,6
DA:23,8
DA:28,7
DA:45,7
DA:46,1
DA:47,6
DA:48,1
DA:51,5
LF:10
LH:10
BRDA:23,0,0,2
BRDA:23,0,1,3
BRDA:23,1,0,5
BRDA:23,1,1,3
BRDA:45,2,0,1
BRDA:45,2,1,6
BRDA:47,3,0,1
BRDA:47,3,1,5
BRF:8
BRH:8
end_of_record
TN:
SF:src\views\DashboardFormUI.js
FN:7,(anonymous_0)
FN:24,(anonymous_1)
FNF:2
FNH:2
FNDA:9,(anonymous_0)
FNDA:9,(anonymous_1)
DA:7,9
DA:26,9
LF:2
LH:2
BRDA:79,0,0,6
BRDA:79,0,1,3
BRDA:92,1,0,6
BRDA:92,1,1,3
BRF:4
BRH:4
end_of_record
TN:
SF:src\views\DashboardUI.js
FN:8,(anonymous_0)
FNF:1
FNH:1
FNDA:21,(anonymous_0)
DA:10,21
DA:11,6
DA:12,15
DA:13,3
DA:15,12
DA:17,12
LF:6
LH:6
BRDA:10,0,0,6
BRDA:10,0,1,15
BRDA:12,1,0,3
BRDA:12,1,1,12
BRDA:15,2,0,12
BRDA:15,2,1,7
BRDA:23,3,0,12
BRDA:23,3,1,7
BRDA:30,4,0,12
BRDA:30,4,1,7
BRDA:37,5,0,12
BRDA:37,5,1,7
BRF:12
BRH:12
end_of_record
TN:
SF:src\views\ErrorPage.js
FN:3,(anonymous_0)
FNF:1
FNH:1
FNDA:6,(anonymous_0)
DA:4,6
LF:1
LH:1
BRDA:12,0,0,5
BRDA:12,0,1,1
BRF:2
BRH:2
end_of_record
TN:
SF:src\views\LoadingPage.js
FN:3,(anonymous_0)
FNF:1
FNH:1
FNDA:8,(anonymous_0)
DA:5,8
LF:1
LH:1
BRF:0
BRH:0
end_of_record
TN:
SF:src\views\LoginUI.js
FN:2,(anonymous_0)
FNF:1
FNH:1
FNDA:14,(anonymous_0)
DA:4,14
LF:1
LH:1
BRF:0
BRH:0
end_of_record
TN:
SF:src\views\NewBillUI.js
FN:3,(anonymous_0)
FNF:1
FNH:1
FNDA:2,(anonymous_0)
DA:5,2
LF:1
LH:1
BRF:0
BRH:0
end_of_record
TN:
SF:src\views\VerticalLayout.js
FN:5,(anonymous_0)
FNF:1
FNH:1
FNDA:34,(anonymous_0)
DA:7,34
DA:8,34
DA:9,21
DA:11,34
DA:12,5
DA:29,29
LF:6
LH:6
BRDA:8,0,0,21
BRDA:8,0,1,13
BRDA:11,1,0,5
BRDA:11,1,1,29
BRDA:11,2,0,34
BRDA:11,2,1,21
BRF:6
BRH:6
end_of_record
